..\map-server_sql.pdb
C:\USERS\DENNIS GAMING\DESKTOP\EAMOD NOV 23, 2023 WORKING\EAMOD 2011-12-28\MAP-SERVER_SQL.EXE
C:\USERS\DENNIS GAMING\DESKTOP\EAMOD NOV 23, 2023 WORKING\EAMOD 2011-12-28\MAP-SERVER_SQL.PDB
C:\Users\Dennis Gaming\Desktop\eAmod Nov 23, 2023 working\eAmod 2011-12-28\vcproj-10\..\map-server_sql.exe
C:\Users\Dennis Gaming\Desktop\eAmod Nov 23, 2023 working\eAmod 2011-12-28\vcproj-10\map-server_sql\Release\achievement.obj
C:\Users\Dennis Gaming\Desktop\eAmod Nov 23, 2023 working\eAmod 2011-12-28\vcproj-10\map-server_sql\Release\atcommand.obj
C:\Users\Dennis Gaming\Desktop\eAmod Nov 23, 2023 working\eAmod 2011-12-28\vcproj-10\map-server_sql\Release\battle.obj
C:\Users\Dennis Gaming\Desktop\eAmod Nov 23, 2023 working\eAmod 2011-12-28\vcproj-10\map-server_sql\Release\battleground.obj
C:\Users\Dennis Gaming\Desktop\eAmod Nov 23, 2023 working\eAmod 2011-12-28\vcproj-10\map-server_sql\Release\buyingstore.obj
C:\Users\Dennis Gaming\Desktop\eAmod Nov 23, 2023 working\eAmod 2011-12-28\vcproj-10\map-server_sql\Release\channel.obj
C:\Users\Dennis Gaming\Desktop\eAmod Nov 23, 2023 working\eAmod 2011-12-28\vcproj-10\map-server_sql\Release\chat.obj
C:\Users\Dennis Gaming\Desktop\eAmod Nov 23, 2023 working\eAmod 2011-12-28\vcproj-10\map-server_sql\Release\chrif.obj
C:\Users\Dennis Gaming\Desktop\eAmod Nov 23, 2023 working\eAmod 2011-12-28\vcproj-10\map-server_sql\Release\CL.11084.read.1.tlog
C:\Users\Dennis Gaming\Desktop\eAmod Nov 23, 2023 working\eAmod 2011-12-28\vcproj-10\map-server_sql\Release\CL.11084.write.1.tlog
C:\Users\Dennis Gaming\Desktop\eAmod Nov 23, 2023 working\eAmod 2011-12-28\vcproj-10\map-server_sql\Release\CL.1888.read.1.tlog
C:\Users\Dennis Gaming\Desktop\eAmod Nov 23, 2023 working\eAmod 2011-12-28\vcproj-10\map-server_sql\Release\CL.1888.write.1.tlog
C:\Users\Dennis Gaming\Desktop\eAmod Nov 23, 2023 working\eAmod 2011-12-28\vcproj-10\map-server_sql\Release\CL.6332.read.1.tlog
C:\Users\Dennis Gaming\Desktop\eAmod Nov 23, 2023 working\eAmod 2011-12-28\vcproj-10\map-server_sql\Release\CL.6332.write.1.tlog
C:\Users\Dennis Gaming\Desktop\eAmod Nov 23, 2023 working\eAmod 2011-12-28\vcproj-10\map-server_sql\Release\CL.9596.read.1.tlog
C:\Users\Dennis Gaming\Desktop\eAmod Nov 23, 2023 working\eAmod 2011-12-28\vcproj-10\map-server_sql\Release\CL.9596.write.1.tlog
C:\Users\Dennis Gaming\Desktop\eAmod Nov 23, 2023 working\eAmod 2011-12-28\vcproj-10\map-server_sql\Release\cl.command.1.tlog
C:\Users\Dennis Gaming\Desktop\eAmod Nov 23, 2023 working\eAmod 2011-12-28\vcproj-10\map-server_sql\Release\CL.read.1.tlog
C:\Users\Dennis Gaming\Desktop\eAmod Nov 23, 2023 working\eAmod 2011-12-28\vcproj-10\map-server_sql\Release\cl.write.1.tlog
C:\Users\Dennis Gaming\Desktop\eAmod Nov 23, 2023 working\eAmod 2011-12-28\vcproj-10\map-server_sql\Release\clif.obj
C:\Users\Dennis Gaming\Desktop\eAmod Nov 23, 2023 working\eAmod 2011-12-28\vcproj-10\map-server_sql\Release\date.obj
C:\Users\Dennis Gaming\Desktop\eAmod Nov 23, 2023 working\eAmod 2011-12-28\vcproj-10\map-server_sql\Release\duel.obj
C:\Users\Dennis Gaming\Desktop\eAmod Nov 23, 2023 working\eAmod 2011-12-28\vcproj-10\map-server_sql\Release\faction.obj
C:\Users\Dennis Gaming\Desktop\eAmod Nov 23, 2023 working\eAmod 2011-12-28\vcproj-10\map-server_sql\Release\guild.obj
C:\Users\Dennis Gaming\Desktop\eAmod Nov 23, 2023 working\eAmod 2011-12-28\vcproj-10\map-server_sql\Release\guild_castle.obj
C:\Users\Dennis Gaming\Desktop\eAmod Nov 23, 2023 working\eAmod 2011-12-28\vcproj-10\map-server_sql\Release\guild_expcache.obj
C:\Users\Dennis Gaming\Desktop\eAmod Nov 23, 2023 working\eAmod 2011-12-28\vcproj-10\map-server_sql\Release\homunculus.obj
C:\Users\Dennis Gaming\Desktop\eAmod Nov 23, 2023 working\eAmod 2011-12-28\vcproj-10\map-server_sql\Release\instance.obj
C:\Users\Dennis Gaming\Desktop\eAmod Nov 23, 2023 working\eAmod 2011-12-28\vcproj-10\map-server_sql\Release\intif.obj
C:\Users\Dennis Gaming\Desktop\eAmod Nov 23, 2023 working\eAmod 2011-12-28\vcproj-10\map-server_sql\Release\itemdb.obj
C:\Users\Dennis Gaming\Desktop\eAmod Nov 23, 2023 working\eAmod 2011-12-28\vcproj-10\map-server_sql\Release\link.command.1.tlog
C:\Users\Dennis Gaming\Desktop\eAmod Nov 23, 2023 working\eAmod 2011-12-28\vcproj-10\map-server_sql\Release\link.read.1.tlog
C:\Users\Dennis Gaming\Desktop\eAmod Nov 23, 2023 working\eAmod 2011-12-28\vcproj-10\map-server_sql\Release\link.write.1.tlog
C:\Users\Dennis Gaming\Desktop\eAmod Nov 23, 2023 working\eAmod 2011-12-28\vcproj-10\map-server_sql\Release\log.obj
C:\Users\Dennis Gaming\Desktop\eAmod Nov 23, 2023 working\eAmod 2011-12-28\vcproj-10\map-server_sql\Release\mail.obj
C:\Users\Dennis Gaming\Desktop\eAmod Nov 23, 2023 working\eAmod 2011-12-28\vcproj-10\map-server_sql\Release\map.obj
C:\Users\Dennis Gaming\Desktop\eAmod Nov 23, 2023 working\eAmod 2011-12-28\vcproj-10\map-server_sql\Release\mapreg_sql.obj
C:\USERS\DENNIS GAMING\DESKTOP\EAMOD NOV 23, 2023 WORKING\EAMOD 2011-12-28\VCPROJ-10\MAP-SERVER_SQL\RELEASE\MAP-SERVER_SQL.EXE.INTERMEDIATE.MANIFEST
C:\Users\Dennis Gaming\Desktop\eAmod Nov 23, 2023 working\eAmod 2011-12-28\vcproj-10\map-server_sql\Release\map-server_sql.write.1.tlog
C:\Users\Dennis Gaming\Desktop\eAmod Nov 23, 2023 working\eAmod 2011-12-28\vcproj-10\map-server_sql\Release\mercenary.obj
C:\Users\Dennis Gaming\Desktop\eAmod Nov 23, 2023 working\eAmod 2011-12-28\vcproj-10\map-server_sql\Release\mob.obj
C:\Users\Dennis Gaming\Desktop\eAmod Nov 23, 2023 working\eAmod 2011-12-28\vcproj-10\map-server_sql\Release\mt.command.1.tlog
C:\Users\Dennis Gaming\Desktop\eAmod Nov 23, 2023 working\eAmod 2011-12-28\vcproj-10\map-server_sql\Release\mt.read.1.tlog
C:\Users\Dennis Gaming\Desktop\eAmod Nov 23, 2023 working\eAmod 2011-12-28\vcproj-10\map-server_sql\Release\mt.write.1.tlog
C:\Users\Dennis Gaming\Desktop\eAmod Nov 23, 2023 working\eAmod 2011-12-28\vcproj-10\map-server_sql\Release\npc.obj
C:\Users\Dennis Gaming\Desktop\eAmod Nov 23, 2023 working\eAmod 2011-12-28\vcproj-10\map-server_sql\Release\npc_chat.obj
C:\Users\Dennis Gaming\Desktop\eAmod Nov 23, 2023 working\eAmod 2011-12-28\vcproj-10\map-server_sql\Release\party.obj
C:\Users\Dennis Gaming\Desktop\eAmod Nov 23, 2023 working\eAmod 2011-12-28\vcproj-10\map-server_sql\Release\path.obj
C:\Users\Dennis Gaming\Desktop\eAmod Nov 23, 2023 working\eAmod 2011-12-28\vcproj-10\map-server_sql\Release\pc.obj
C:\Users\Dennis Gaming\Desktop\eAmod Nov 23, 2023 working\eAmod 2011-12-28\vcproj-10\map-server_sql\Release\pet.obj
C:\Users\Dennis Gaming\Desktop\eAmod Nov 23, 2023 working\eAmod 2011-12-28\vcproj-10\map-server_sql\Release\quest.obj
C:\Users\Dennis Gaming\Desktop\eAmod Nov 23, 2023 working\eAmod 2011-12-28\vcproj-10\map-server_sql\Release\region.obj
C:\Users\Dennis Gaming\Desktop\eAmod Nov 23, 2023 working\eAmod 2011-12-28\vcproj-10\map-server_sql\Release\script.obj
C:\Users\Dennis Gaming\Desktop\eAmod Nov 23, 2023 working\eAmod 2011-12-28\vcproj-10\map-server_sql\Release\searchstore.obj
C:\Users\Dennis Gaming\Desktop\eAmod Nov 23, 2023 working\eAmod 2011-12-28\vcproj-10\map-server_sql\Release\skill.obj
C:\Users\Dennis Gaming\Desktop\eAmod Nov 23, 2023 working\eAmod 2011-12-28\vcproj-10\map-server_sql\Release\status.obj
C:\Users\Dennis Gaming\Desktop\eAmod Nov 23, 2023 working\eAmod 2011-12-28\vcproj-10\map-server_sql\Release\storage.obj
C:\Users\Dennis Gaming\Desktop\eAmod Nov 23, 2023 working\eAmod 2011-12-28\vcproj-10\map-server_sql\Release\trade.obj
C:\Users\Dennis Gaming\Desktop\eAmod Nov 23, 2023 working\eAmod 2011-12-28\vcproj-10\map-server_sql\Release\unit.obj
C:\USERS\DENNIS GAMING\DESKTOP\EAMOD NOV 23, 2023 WORKING\EAMOD 2011-12-28\VCPROJ-10\MAP-SERVER_SQL\RELEASE\VC100.PDB
C:\Users\Dennis Gaming\Desktop\eAmod Nov 23, 2023 working\eAmod 2011-12-28\vcproj-10\map-server_sql\Release\vending.obj
