..\map-server_sql.ilk
..\map-server_sql.pdb
C:\USERS\DENNIS GAMING\DESKTOP\ZAFTSERVER\MAP-SERVER_SQL.EXE
C:\USERS\DENNIS GAMING\DESKTOP\ZAFTSERVER\MAP-SERVER_SQL.ILK
C:\USERS\DENNIS GAMING\DESKTOP\ZAFTSERVER\MAP-SERVER_SQL.PDB
C:\Users\Dennis Gaming\Desktop\zaftserver\vcproj-10\..\map-server_sql.exe
C:\Users\Dennis Gaming\Desktop\zaftserver\vcproj-10\map-server_sql\Debug\achievement.obj
C:\Users\Dennis Gaming\Desktop\zaftserver\vcproj-10\map-server_sql\Debug\atcommand.obj
C:\Users\Dennis Gaming\Desktop\zaftserver\vcproj-10\map-server_sql\Debug\battle.obj
C:\Users\Dennis Gaming\Desktop\zaftserver\vcproj-10\map-server_sql\Debug\battleground.obj
C:\Users\Dennis Gaming\Desktop\zaftserver\vcproj-10\map-server_sql\Debug\buyingstore.obj
C:\Users\Dennis Gaming\Desktop\zaftserver\vcproj-10\map-server_sql\Debug\channel.obj
C:\Users\Dennis Gaming\Desktop\zaftserver\vcproj-10\map-server_sql\Debug\chat.obj
C:\Users\Dennis Gaming\Desktop\zaftserver\vcproj-10\map-server_sql\Debug\chrif.obj
C:\Users\Dennis Gaming\Desktop\zaftserver\vcproj-10\map-server_sql\Debug\CL.10280.read.1.tlog
C:\Users\Dennis Gaming\Desktop\zaftserver\vcproj-10\map-server_sql\Debug\CL.10280.write.1.tlog
C:\Users\Dennis Gaming\Desktop\zaftserver\vcproj-10\map-server_sql\Debug\CL.10748.read.1.tlog
C:\Users\Dennis Gaming\Desktop\zaftserver\vcproj-10\map-server_sql\Debug\CL.10748.write.1.tlog
C:\Users\Dennis Gaming\Desktop\zaftserver\vcproj-10\map-server_sql\Debug\CL.10892.read.1.tlog
C:\Users\Dennis Gaming\Desktop\zaftserver\vcproj-10\map-server_sql\Debug\CL.10892.write.1.tlog
C:\Users\Dennis Gaming\Desktop\zaftserver\vcproj-10\map-server_sql\Debug\CL.11988.read.1.tlog
C:\Users\Dennis Gaming\Desktop\zaftserver\vcproj-10\map-server_sql\Debug\CL.11988.write.1.tlog
C:\Users\Dennis Gaming\Desktop\zaftserver\vcproj-10\map-server_sql\Debug\CL.2412.read.1.tlog
C:\Users\Dennis Gaming\Desktop\zaftserver\vcproj-10\map-server_sql\Debug\CL.2412.write.1.tlog
C:\Users\Dennis Gaming\Desktop\zaftserver\vcproj-10\map-server_sql\Debug\CL.5260.read.1.tlog
C:\Users\Dennis Gaming\Desktop\zaftserver\vcproj-10\map-server_sql\Debug\CL.5260.write.1.tlog
C:\Users\Dennis Gaming\Desktop\zaftserver\vcproj-10\map-server_sql\Debug\CL.5568.read.1.tlog
C:\Users\Dennis Gaming\Desktop\zaftserver\vcproj-10\map-server_sql\Debug\CL.5568.write.1.tlog
C:\Users\Dennis Gaming\Desktop\zaftserver\vcproj-10\map-server_sql\Debug\CL.7240.read.1.tlog
C:\Users\Dennis Gaming\Desktop\zaftserver\vcproj-10\map-server_sql\Debug\CL.7240.write.1.tlog
C:\Users\Dennis Gaming\Desktop\zaftserver\vcproj-10\map-server_sql\Debug\CL.8768.read.1.tlog
C:\Users\Dennis Gaming\Desktop\zaftserver\vcproj-10\map-server_sql\Debug\CL.8768.write.1.tlog
C:\Users\Dennis Gaming\Desktop\zaftserver\vcproj-10\map-server_sql\Debug\CL.9248.read.1.tlog
C:\Users\Dennis Gaming\Desktop\zaftserver\vcproj-10\map-server_sql\Debug\CL.9248.write.1.tlog
C:\Users\Dennis Gaming\Desktop\zaftserver\vcproj-10\map-server_sql\Debug\CL.9388.read.1.tlog
C:\Users\Dennis Gaming\Desktop\zaftserver\vcproj-10\map-server_sql\Debug\CL.9388.write.1.tlog
C:\Users\Dennis Gaming\Desktop\zaftserver\vcproj-10\map-server_sql\Debug\CL.9572.read.1.tlog
C:\Users\Dennis Gaming\Desktop\zaftserver\vcproj-10\map-server_sql\Debug\CL.9572.write.1.tlog
C:\Users\Dennis Gaming\Desktop\zaftserver\vcproj-10\map-server_sql\Debug\cl.command.1.tlog
C:\Users\Dennis Gaming\Desktop\zaftserver\vcproj-10\map-server_sql\Debug\CL.read.1.tlog
C:\Users\Dennis Gaming\Desktop\zaftserver\vcproj-10\map-server_sql\Debug\cl.write.1.tlog
C:\Users\Dennis Gaming\Desktop\zaftserver\vcproj-10\map-server_sql\Debug\clif.obj
C:\Users\Dennis Gaming\Desktop\zaftserver\vcproj-10\map-server_sql\Debug\date.obj
C:\Users\Dennis Gaming\Desktop\zaftserver\vcproj-10\map-server_sql\Debug\duel.obj
C:\Users\Dennis Gaming\Desktop\zaftserver\vcproj-10\map-server_sql\Debug\faction.obj
C:\Users\Dennis Gaming\Desktop\zaftserver\vcproj-10\map-server_sql\Debug\guild.obj
C:\Users\Dennis Gaming\Desktop\zaftserver\vcproj-10\map-server_sql\Debug\guild_castle.obj
C:\Users\Dennis Gaming\Desktop\zaftserver\vcproj-10\map-server_sql\Debug\guild_expcache.obj
C:\Users\Dennis Gaming\Desktop\zaftserver\vcproj-10\map-server_sql\Debug\homunculus.obj
C:\Users\Dennis Gaming\Desktop\zaftserver\vcproj-10\map-server_sql\Debug\instance.obj
C:\Users\Dennis Gaming\Desktop\zaftserver\vcproj-10\map-server_sql\Debug\intif.obj
C:\Users\Dennis Gaming\Desktop\zaftserver\vcproj-10\map-server_sql\Debug\itemdb.obj
C:\Users\Dennis Gaming\Desktop\zaftserver\vcproj-10\map-server_sql\Debug\link.10200.read.1.tlog
C:\Users\Dennis Gaming\Desktop\zaftserver\vcproj-10\map-server_sql\Debug\link.10200.write.1.tlog
C:\Users\Dennis Gaming\Desktop\zaftserver\vcproj-10\map-server_sql\Debug\link.10200-cvtres.read.1.tlog
C:\Users\Dennis Gaming\Desktop\zaftserver\vcproj-10\map-server_sql\Debug\link.10200-cvtres.write.1.tlog
C:\Users\Dennis Gaming\Desktop\zaftserver\vcproj-10\map-server_sql\Debug\link.12060.read.1.tlog
C:\Users\Dennis Gaming\Desktop\zaftserver\vcproj-10\map-server_sql\Debug\link.12060.write.1.tlog
C:\Users\Dennis Gaming\Desktop\zaftserver\vcproj-10\map-server_sql\Debug\link.12060-cvtres.read.1.tlog
C:\Users\Dennis Gaming\Desktop\zaftserver\vcproj-10\map-server_sql\Debug\link.12060-cvtres.write.1.tlog
C:\Users\Dennis Gaming\Desktop\zaftserver\vcproj-10\map-server_sql\Debug\link.9380.read.1.tlog
C:\Users\Dennis Gaming\Desktop\zaftserver\vcproj-10\map-server_sql\Debug\link.9380.write.1.tlog
C:\Users\Dennis Gaming\Desktop\zaftserver\vcproj-10\map-server_sql\Debug\link.9380-cvtres.read.1.tlog
C:\Users\Dennis Gaming\Desktop\zaftserver\vcproj-10\map-server_sql\Debug\link.9380-cvtres.write.1.tlog
C:\Users\Dennis Gaming\Desktop\zaftserver\vcproj-10\map-server_sql\Debug\link.command.1.tlog
C:\Users\Dennis Gaming\Desktop\zaftserver\vcproj-10\map-server_sql\Debug\link.read.1.tlog
C:\Users\Dennis Gaming\Desktop\zaftserver\vcproj-10\map-server_sql\Debug\link.write.1.tlog
C:\Users\Dennis Gaming\Desktop\zaftserver\vcproj-10\map-server_sql\Debug\link-cvtres.read.1.tlog
C:\Users\Dennis Gaming\Desktop\zaftserver\vcproj-10\map-server_sql\Debug\link-cvtres.write.1.tlog
C:\Users\Dennis Gaming\Desktop\zaftserver\vcproj-10\map-server_sql\Debug\log.obj
C:\Users\Dennis Gaming\Desktop\zaftserver\vcproj-10\map-server_sql\Debug\mail.obj
C:\Users\Dennis Gaming\Desktop\zaftserver\vcproj-10\map-server_sql\Debug\map.obj
C:\Users\Dennis Gaming\Desktop\zaftserver\vcproj-10\map-server_sql\Debug\mapreg_sql.obj
C:\USERS\DENNIS GAMING\DESKTOP\ZAFTSERVER\VCPROJ-10\MAP-SERVER_SQL\DEBUG\MAP-SERVER_SQL.EXE.EMBED.MANIFEST
C:\USERS\DENNIS GAMING\DESKTOP\ZAFTSERVER\VCPROJ-10\MAP-SERVER_SQL\DEBUG\MAP-SERVER_SQL.EXE.EMBED.MANIFEST.RES
C:\USERS\DENNIS GAMING\DESKTOP\ZAFTSERVER\VCPROJ-10\MAP-SERVER_SQL\DEBUG\MAP-SERVER_SQL.EXE.INTERMEDIATE.MANIFEST
C:\Users\Dennis Gaming\Desktop\zaftserver\vcproj-10\map-server_sql\Debug\map-server_sql.vcxprojResolveAssemblyReference.cache
C:\Users\Dennis Gaming\Desktop\zaftserver\vcproj-10\map-server_sql\Debug\map-server_sql.write.1.tlog
C:\Users\Dennis Gaming\Desktop\zaftserver\vcproj-10\map-server_sql\Debug\map-server_sql_manifest.rc
C:\Users\Dennis Gaming\Desktop\zaftserver\vcproj-10\map-server_sql\Debug\mercenary.obj
C:\Users\Dennis Gaming\Desktop\zaftserver\vcproj-10\map-server_sql\Debug\mob.obj
C:\Users\Dennis Gaming\Desktop\zaftserver\vcproj-10\map-server_sql\Debug\mt.command.1.tlog
C:\Users\Dennis Gaming\Desktop\zaftserver\vcproj-10\map-server_sql\Debug\mt.read.1.tlog
C:\Users\Dennis Gaming\Desktop\zaftserver\vcproj-10\map-server_sql\Debug\mt.write.1.tlog
C:\Users\Dennis Gaming\Desktop\zaftserver\vcproj-10\map-server_sql\Debug\npc.obj
C:\Users\Dennis Gaming\Desktop\zaftserver\vcproj-10\map-server_sql\Debug\npc_chat.obj
C:\Users\Dennis Gaming\Desktop\zaftserver\vcproj-10\map-server_sql\Debug\party.obj
C:\Users\Dennis Gaming\Desktop\zaftserver\vcproj-10\map-server_sql\Debug\path.obj
C:\Users\Dennis Gaming\Desktop\zaftserver\vcproj-10\map-server_sql\Debug\pc.obj
C:\Users\Dennis Gaming\Desktop\zaftserver\vcproj-10\map-server_sql\Debug\pet.obj
C:\Users\Dennis Gaming\Desktop\zaftserver\vcproj-10\map-server_sql\Debug\quest.obj
C:\Users\Dennis Gaming\Desktop\zaftserver\vcproj-10\map-server_sql\Debug\rc.command.1.tlog
C:\Users\Dennis Gaming\Desktop\zaftserver\vcproj-10\map-server_sql\Debug\rc.read.1.tlog
C:\Users\Dennis Gaming\Desktop\zaftserver\vcproj-10\map-server_sql\Debug\rc.write.1.tlog
C:\Users\Dennis Gaming\Desktop\zaftserver\vcproj-10\map-server_sql\Debug\region.obj
C:\Users\Dennis Gaming\Desktop\zaftserver\vcproj-10\map-server_sql\Debug\script.obj
C:\Users\Dennis Gaming\Desktop\zaftserver\vcproj-10\map-server_sql\Debug\searchstore.obj
C:\Users\Dennis Gaming\Desktop\zaftserver\vcproj-10\map-server_sql\Debug\skill.obj
C:\Users\Dennis Gaming\Desktop\zaftserver\vcproj-10\map-server_sql\Debug\status.obj
C:\Users\Dennis Gaming\Desktop\zaftserver\vcproj-10\map-server_sql\Debug\storage.obj
C:\Users\Dennis Gaming\Desktop\zaftserver\vcproj-10\map-server_sql\Debug\trade.obj
C:\Users\Dennis Gaming\Desktop\zaftserver\vcproj-10\map-server_sql\Debug\unit.obj
C:\Users\Dennis Gaming\Desktop\zaftserver\vcproj-10\map-server_sql\Debug\vc100.idb
C:\USERS\DENNIS GAMING\DESKTOP\ZAFTSERVER\VCPROJ-10\MAP-SERVER_SQL\DEBUG\VC100.PDB
C:\Users\Dennis Gaming\Desktop\zaftserver\vcproj-10\map-server_sql\Debug\vending.obj
