..\login-server_sql.ilk
..\login-server_sql.pdb
C:\USERS\DENNIS GAMING\DESKTOP\ZAFTSERVER\LOGIN-SERVER_SQL.EXE
C:\USERS\DENNIS GAMING\DESKTOP\ZAFTSERVER\LOGIN-SERVER_SQL.ILK
C:\USERS\DENNIS GAMING\DESKTOP\ZAFTSERVER\LOGIN-SERVER_SQL.PDB
C:\Users\Dennis Gaming\Desktop\zaftserver\vcproj-10\..\login-server_sql.exe
C:\Users\Dennis Gaming\Desktop\zaftserver\vcproj-10\login-server_sql\Debug\account_sql.obj
C:\Users\Dennis Gaming\Desktop\zaftserver\vcproj-10\login-server_sql\Debug\CL.10560.read.1.tlog
C:\Users\Dennis Gaming\Desktop\zaftserver\vcproj-10\login-server_sql\Debug\CL.10560.write.1.tlog
C:\Users\Dennis Gaming\Desktop\zaftserver\vcproj-10\login-server_sql\Debug\CL.10940.read.1.tlog
C:\Users\Dennis Gaming\Desktop\zaftserver\vcproj-10\login-server_sql\Debug\CL.10940.write.1.tlog
C:\Users\Dennis Gaming\Desktop\zaftserver\vcproj-10\login-server_sql\Debug\CL.11164.read.1.tlog
C:\Users\Dennis Gaming\Desktop\zaftserver\vcproj-10\login-server_sql\Debug\CL.11164.write.1.tlog
C:\Users\Dennis Gaming\Desktop\zaftserver\vcproj-10\login-server_sql\Debug\CL.2172.read.1.tlog
C:\Users\Dennis Gaming\Desktop\zaftserver\vcproj-10\login-server_sql\Debug\CL.2172.write.1.tlog
C:\Users\Dennis Gaming\Desktop\zaftserver\vcproj-10\login-server_sql\Debug\CL.2620.read.1.tlog
C:\Users\Dennis Gaming\Desktop\zaftserver\vcproj-10\login-server_sql\Debug\CL.2620.write.1.tlog
C:\Users\Dennis Gaming\Desktop\zaftserver\vcproj-10\login-server_sql\Debug\CL.5304.read.1.tlog
C:\Users\Dennis Gaming\Desktop\zaftserver\vcproj-10\login-server_sql\Debug\CL.5304.write.1.tlog
C:\Users\Dennis Gaming\Desktop\zaftserver\vcproj-10\login-server_sql\Debug\CL.5560.read.1.tlog
C:\Users\Dennis Gaming\Desktop\zaftserver\vcproj-10\login-server_sql\Debug\CL.5560.write.1.tlog
C:\Users\Dennis Gaming\Desktop\zaftserver\vcproj-10\login-server_sql\Debug\CL.7216.read.1.tlog
C:\Users\Dennis Gaming\Desktop\zaftserver\vcproj-10\login-server_sql\Debug\CL.7216.write.1.tlog
C:\Users\Dennis Gaming\Desktop\zaftserver\vcproj-10\login-server_sql\Debug\CL.8376.read.1.tlog
C:\Users\Dennis Gaming\Desktop\zaftserver\vcproj-10\login-server_sql\Debug\CL.8376.write.1.tlog
C:\Users\Dennis Gaming\Desktop\zaftserver\vcproj-10\login-server_sql\Debug\CL.9144.read.1.tlog
C:\Users\Dennis Gaming\Desktop\zaftserver\vcproj-10\login-server_sql\Debug\CL.9144.write.1.tlog
C:\Users\Dennis Gaming\Desktop\zaftserver\vcproj-10\login-server_sql\Debug\CL.9532.read.1.tlog
C:\Users\Dennis Gaming\Desktop\zaftserver\vcproj-10\login-server_sql\Debug\CL.9532.write.1.tlog
C:\Users\Dennis Gaming\Desktop\zaftserver\vcproj-10\login-server_sql\Debug\CL.9932.read.1.tlog
C:\Users\Dennis Gaming\Desktop\zaftserver\vcproj-10\login-server_sql\Debug\CL.9932.write.1.tlog
C:\Users\Dennis Gaming\Desktop\zaftserver\vcproj-10\login-server_sql\Debug\cl.command.1.tlog
C:\Users\Dennis Gaming\Desktop\zaftserver\vcproj-10\login-server_sql\Debug\CL.read.1.tlog
C:\Users\Dennis Gaming\Desktop\zaftserver\vcproj-10\login-server_sql\Debug\cl.write.1.tlog
C:\Users\Dennis Gaming\Desktop\zaftserver\vcproj-10\login-server_sql\Debug\ipban_sql.obj
C:\Users\Dennis Gaming\Desktop\zaftserver\vcproj-10\login-server_sql\Debug\link.2948.read.1.tlog
C:\Users\Dennis Gaming\Desktop\zaftserver\vcproj-10\login-server_sql\Debug\link.2948.write.1.tlog
C:\Users\Dennis Gaming\Desktop\zaftserver\vcproj-10\login-server_sql\Debug\link.2948-cvtres.read.1.tlog
C:\Users\Dennis Gaming\Desktop\zaftserver\vcproj-10\login-server_sql\Debug\link.2948-cvtres.write.1.tlog
C:\Users\Dennis Gaming\Desktop\zaftserver\vcproj-10\login-server_sql\Debug\link.6772.read.1.tlog
C:\Users\Dennis Gaming\Desktop\zaftserver\vcproj-10\login-server_sql\Debug\link.6772.write.1.tlog
C:\Users\Dennis Gaming\Desktop\zaftserver\vcproj-10\login-server_sql\Debug\link.6772-cvtres.read.1.tlog
C:\Users\Dennis Gaming\Desktop\zaftserver\vcproj-10\login-server_sql\Debug\link.6772-cvtres.write.1.tlog
C:\Users\Dennis Gaming\Desktop\zaftserver\vcproj-10\login-server_sql\Debug\link.7156.read.1.tlog
C:\Users\Dennis Gaming\Desktop\zaftserver\vcproj-10\login-server_sql\Debug\link.7156.write.1.tlog
C:\Users\Dennis Gaming\Desktop\zaftserver\vcproj-10\login-server_sql\Debug\link.7156-cvtres.read.1.tlog
C:\Users\Dennis Gaming\Desktop\zaftserver\vcproj-10\login-server_sql\Debug\link.7156-cvtres.write.1.tlog
C:\Users\Dennis Gaming\Desktop\zaftserver\vcproj-10\login-server_sql\Debug\link.command.1.tlog
C:\Users\Dennis Gaming\Desktop\zaftserver\vcproj-10\login-server_sql\Debug\link.read.1.tlog
C:\Users\Dennis Gaming\Desktop\zaftserver\vcproj-10\login-server_sql\Debug\link.write.1.tlog
C:\Users\Dennis Gaming\Desktop\zaftserver\vcproj-10\login-server_sql\Debug\link-cvtres.read.1.tlog
C:\Users\Dennis Gaming\Desktop\zaftserver\vcproj-10\login-server_sql\Debug\link-cvtres.write.1.tlog
C:\Users\Dennis Gaming\Desktop\zaftserver\vcproj-10\login-server_sql\Debug\login.obj
C:\Users\Dennis Gaming\Desktop\zaftserver\vcproj-10\login-server_sql\Debug\loginlog_sql.obj
C:\USERS\DENNIS GAMING\DESKTOP\ZAFTSERVER\VCPROJ-10\LOGIN-SERVER_SQL\DEBUG\LOGIN-SERVER_SQL.EXE.EMBED.MANIFEST
C:\USERS\DENNIS GAMING\DESKTOP\ZAFTSERVER\VCPROJ-10\LOGIN-SERVER_SQL\DEBUG\LOGIN-SERVER_SQL.EXE.EMBED.MANIFEST.RES
C:\USERS\DENNIS GAMING\DESKTOP\ZAFTSERVER\VCPROJ-10\LOGIN-SERVER_SQL\DEBUG\LOGIN-SERVER_SQL.EXE.INTERMEDIATE.MANIFEST
C:\Users\Dennis Gaming\Desktop\zaftserver\vcproj-10\login-server_sql\Debug\login-server_sql.write.1.tlog
C:\Users\Dennis Gaming\Desktop\zaftserver\vcproj-10\login-server_sql\Debug\login-server_sql_manifest.rc
C:\Users\Dennis Gaming\Desktop\zaftserver\vcproj-10\login-server_sql\Debug\mt.command.1.tlog
C:\Users\Dennis Gaming\Desktop\zaftserver\vcproj-10\login-server_sql\Debug\mt.read.1.tlog
C:\Users\Dennis Gaming\Desktop\zaftserver\vcproj-10\login-server_sql\Debug\mt.write.1.tlog
C:\Users\Dennis Gaming\Desktop\zaftserver\vcproj-10\login-server_sql\Debug\rc.command.1.tlog
C:\Users\Dennis Gaming\Desktop\zaftserver\vcproj-10\login-server_sql\Debug\rc.read.1.tlog
C:\Users\Dennis Gaming\Desktop\zaftserver\vcproj-10\login-server_sql\Debug\rc.write.1.tlog
C:\Users\Dennis Gaming\Desktop\zaftserver\vcproj-10\login-server_sql\Debug\vc100.idb
C:\USERS\DENNIS GAMING\DESKTOP\ZAFTSERVER\VCPROJ-10\LOGIN-SERVER_SQL\DEBUG\VC100.PDB
