c:\users\dennis gaming\desktop\eamod nov 11, 2023 working\eamod 2011-12-28\vcproj-12\common\release\des.obj
c:\users\dennis gaming\desktop\eamod nov 11, 2023 working\eamod 2011-12-28\vcproj-12\common\release\grfio.obj
c:\users\dennis gaming\desktop\eamod nov 11, 2023 working\eamod 2011-12-28\vcproj-12\common\release\md5calc.obj
c:\users\dennis gaming\desktop\eamod nov 11, 2023 working\eamod 2011-12-28\vcproj-12\common\release\random.obj
c:\users\dennis gaming\desktop\eamod nov 11, 2023 working\eamod 2011-12-28\vcproj-12\common\release\socket.obj
c:\users\dennis gaming\desktop\eamod nov 11, 2023 working\eamod 2011-12-28\vcproj-12\common\release\db.obj
c:\users\dennis gaming\desktop\eamod nov 11, 2023 working\eamod 2011-12-28\vcproj-12\common\release\ers.obj
c:\users\dennis gaming\desktop\eamod nov 11, 2023 working\eamod 2011-12-28\vcproj-12\common\release\malloc.obj
c:\users\dennis gaming\desktop\eamod nov 11, 2023 working\eamod 2011-12-28\vcproj-12\common\release\nullpo.obj
c:\users\dennis gaming\desktop\eamod nov 11, 2023 working\eamod 2011-12-28\vcproj-12\common\release\showmsg.obj
c:\users\dennis gaming\desktop\eamod nov 11, 2023 working\eamod 2011-12-28\vcproj-12\common\release\strlib.obj
c:\users\dennis gaming\desktop\eamod nov 11, 2023 working\eamod 2011-12-28\vcproj-12\common\release\mt19937ar.obj
c:\users\dennis gaming\desktop\eamod nov 11, 2023 working\eamod 2011-12-28\vcproj-12\common\release\lock.obj
c:\users\dennis gaming\desktop\eamod nov 11, 2023 working\eamod 2011-12-28\vcproj-12\common\release\mapindex.obj
c:\users\dennis gaming\desktop\eamod nov 11, 2023 working\eamod 2011-12-28\vcproj-12\common\release\plugins.obj
c:\users\dennis gaming\desktop\eamod nov 11, 2023 working\eamod 2011-12-28\vcproj-12\common\release\timer.obj
c:\users\dennis gaming\desktop\eamod nov 11, 2023 working\eamod 2011-12-28\vcproj-12\common\release\core.obj
c:\users\dennis gaming\desktop\eamod nov 11, 2023 working\eamod 2011-12-28\vcproj-12\common\release\utils.obj
c:\users\dennis gaming\desktop\eamod nov 11, 2023 working\eamod 2011-12-28\vcproj-12\common\release\vc120.pdb
c:\users\dennis gaming\desktop\eamod nov 11, 2023 working\eamod 2011-12-28\vcproj-12\common\release\common.lib
c:\users\dennis gaming\desktop\eamod nov 11, 2023 working\eamod 2011-12-28\vcproj-12\common\release\common.tlog\cl.command.1.tlog
c:\users\dennis gaming\desktop\eamod nov 11, 2023 working\eamod 2011-12-28\vcproj-12\common\release\common.tlog\cl.read.1.tlog
c:\users\dennis gaming\desktop\eamod nov 11, 2023 working\eamod 2011-12-28\vcproj-12\common\release\common.tlog\cl.write.1.tlog
c:\users\dennis gaming\desktop\eamod nov 11, 2023 working\eamod 2011-12-28\vcproj-12\common\release\common.tlog\lib-link.read.1.tlog
c:\users\dennis gaming\desktop\eamod nov 11, 2023 working\eamod 2011-12-28\vcproj-12\common\release\common.tlog\lib-link.write.1.tlog
c:\users\dennis gaming\desktop\eamod nov 11, 2023 working\eamod 2011-12-28\vcproj-12\common\release\common.tlog\lib.command.1.tlog
