C:\Users\Dennis Gaming\Desktop\eAmod Nov 23, 2023 working\eAmod 2011-12-28\vcproj-10\common\Release\CL.11084.read.1.tlog
C:\Users\Dennis Gaming\Desktop\eAmod Nov 23, 2023 working\eAmod 2011-12-28\vcproj-10\common\Release\CL.11084.write.1.tlog
C:\Users\Dennis Gaming\Desktop\eAmod Nov 23, 2023 working\eAmod 2011-12-28\vcproj-10\common\Release\CL.7780.read.1.tlog
C:\Users\Dennis Gaming\Desktop\eAmod Nov 23, 2023 working\eAmod 2011-12-28\vcproj-10\common\Release\CL.7780.write.1.tlog
C:\Users\Dennis Gaming\Desktop\eAmod Nov 23, 2023 working\eAmod 2011-12-28\vcproj-10\common\Release\CL.8072.read.1.tlog
C:\Users\Dennis Gaming\Desktop\eAmod Nov 23, 2023 working\eAmod 2011-12-28\vcproj-10\common\Release\CL.8072.write.1.tlog
C:\Users\Dennis Gaming\Desktop\eAmod Nov 23, 2023 working\eAmod 2011-12-28\vcproj-10\common\Release\CL.9332.read.1.tlog
C:\Users\Dennis Gaming\Desktop\eAmod Nov 23, 2023 working\eAmod 2011-12-28\vcproj-10\common\Release\CL.9332.write.1.tlog
C:\Users\Dennis Gaming\Desktop\eAmod Nov 23, 2023 working\eAmod 2011-12-28\vcproj-10\common\Release\cl.command.1.tlog
C:\Users\Dennis Gaming\Desktop\eAmod Nov 23, 2023 working\eAmod 2011-12-28\vcproj-10\common\Release\CL.read.1.tlog
C:\Users\Dennis Gaming\Desktop\eAmod Nov 23, 2023 working\eAmod 2011-12-28\vcproj-10\common\Release\cl.write.1.tlog
C:\USERS\DENNIS GAMING\DESKTOP\EAMOD NOV 23, 2023 WORKING\EAMOD 2011-12-28\VCPROJ-10\COMMON\RELEASE\COMMON.LIB
C:\Users\Dennis Gaming\Desktop\eAmod Nov 23, 2023 working\eAmod 2011-12-28\vcproj-10\common\Release\common.write.1.tlog
C:\Users\Dennis Gaming\Desktop\eAmod Nov 23, 2023 working\eAmod 2011-12-28\vcproj-10\common\Release\core.obj
C:\Users\Dennis Gaming\Desktop\eAmod Nov 23, 2023 working\eAmod 2011-12-28\vcproj-10\common\Release\db.obj
C:\Users\Dennis Gaming\Desktop\eAmod Nov 23, 2023 working\eAmod 2011-12-28\vcproj-10\common\Release\des.obj
C:\Users\Dennis Gaming\Desktop\eAmod Nov 23, 2023 working\eAmod 2011-12-28\vcproj-10\common\Release\ers.obj
C:\Users\Dennis Gaming\Desktop\eAmod Nov 23, 2023 working\eAmod 2011-12-28\vcproj-10\common\Release\grfio.obj
C:\Users\Dennis Gaming\Desktop\eAmod Nov 23, 2023 working\eAmod 2011-12-28\vcproj-10\common\Release\lib.command.1.tlog
C:\Users\Dennis Gaming\Desktop\eAmod Nov 23, 2023 working\eAmod 2011-12-28\vcproj-10\common\Release\Lib-link.read.1.tlog
C:\Users\Dennis Gaming\Desktop\eAmod Nov 23, 2023 working\eAmod 2011-12-28\vcproj-10\common\Release\Lib-link.write.1.tlog
C:\Users\Dennis Gaming\Desktop\eAmod Nov 23, 2023 working\eAmod 2011-12-28\vcproj-10\common\Release\lock.obj
C:\Users\Dennis Gaming\Desktop\eAmod Nov 23, 2023 working\eAmod 2011-12-28\vcproj-10\common\Release\malloc.obj
C:\Users\Dennis Gaming\Desktop\eAmod Nov 23, 2023 working\eAmod 2011-12-28\vcproj-10\common\Release\mapindex.obj
C:\Users\Dennis Gaming\Desktop\eAmod Nov 23, 2023 working\eAmod 2011-12-28\vcproj-10\common\Release\md5calc.obj
C:\Users\Dennis Gaming\Desktop\eAmod Nov 23, 2023 working\eAmod 2011-12-28\vcproj-10\common\Release\mt19937ar.obj
C:\Users\Dennis Gaming\Desktop\eAmod Nov 23, 2023 working\eAmod 2011-12-28\vcproj-10\common\Release\nullpo.obj
C:\Users\Dennis Gaming\Desktop\eAmod Nov 23, 2023 working\eAmod 2011-12-28\vcproj-10\common\Release\plugins.obj
C:\Users\Dennis Gaming\Desktop\eAmod Nov 23, 2023 working\eAmod 2011-12-28\vcproj-10\common\Release\random.obj
C:\Users\Dennis Gaming\Desktop\eAmod Nov 23, 2023 working\eAmod 2011-12-28\vcproj-10\common\Release\showmsg.obj
C:\Users\Dennis Gaming\Desktop\eAmod Nov 23, 2023 working\eAmod 2011-12-28\vcproj-10\common\Release\socket.obj
C:\Users\Dennis Gaming\Desktop\eAmod Nov 23, 2023 working\eAmod 2011-12-28\vcproj-10\common\Release\strlib.obj
C:\Users\Dennis Gaming\Desktop\eAmod Nov 23, 2023 working\eAmod 2011-12-28\vcproj-10\common\Release\timer.obj
C:\Users\Dennis Gaming\Desktop\eAmod Nov 23, 2023 working\eAmod 2011-12-28\vcproj-10\common\Release\utils.obj
C:\USERS\DENNIS GAMING\DESKTOP\EAMOD NOV 23, 2023 WORKING\EAMOD 2011-12-28\VCPROJ-10\COMMON\RELEASE\VC100.PDB
