c:\users\dennis gaming\desktop\eamod nov 11, 2023 working\eamod 2011-12-28\vcproj-12\map-server_sql\debug\achievement.obj
c:\users\dennis gaming\desktop\eamod nov 11, 2023 working\eamod 2011-12-28\vcproj-12\map-server_sql\debug\buyingstore.obj
c:\users\dennis gaming\desktop\eamod nov 11, 2023 working\eamod 2011-12-28\vcproj-12\map-server_sql\debug\chat.obj
c:\users\dennis gaming\desktop\eamod nov 11, 2023 working\eamod 2011-12-28\vcproj-12\map-server_sql\debug\date.obj
c:\users\dennis gaming\desktop\eamod nov 11, 2023 working\eamod 2011-12-28\vcproj-12\map-server_sql\debug\duel.obj
c:\users\dennis gaming\desktop\eamod nov 11, 2023 working\eamod 2011-12-28\vcproj-12\map-server_sql\debug\guild.obj
c:\users\dennis gaming\desktop\eamod nov 11, 2023 working\eamod 2011-12-28\vcproj-12\map-server_sql\debug\intif.obj
c:\users\dennis gaming\desktop\eamod nov 11, 2023 working\eamod 2011-12-28\vcproj-12\map-server_sql\debug\npc.obj
c:\users\dennis gaming\desktop\eamod nov 11, 2023 working\eamod 2011-12-28\vcproj-12\map-server_sql\debug\quest.obj
c:\users\dennis gaming\desktop\eamod nov 11, 2023 working\eamod 2011-12-28\vcproj-12\map-server_sql\debug\searchstore.obj
c:\users\dennis gaming\desktop\eamod nov 11, 2023 working\eamod 2011-12-28\vcproj-12\map-server_sql\debug\storage.obj
c:\users\dennis gaming\desktop\eamod nov 11, 2023 working\eamod 2011-12-28\vcproj-12\map-server_sql\debug\trade.obj
c:\users\dennis gaming\desktop\eamod nov 11, 2023 working\eamod 2011-12-28\vcproj-12\map-server_sql\debug\battleground.obj
c:\users\dennis gaming\desktop\eamod nov 11, 2023 working\eamod 2011-12-28\vcproj-12\map-server_sql\debug\chrif.obj
c:\users\dennis gaming\desktop\eamod nov 11, 2023 working\eamod 2011-12-28\vcproj-12\map-server_sql\debug\guild_expcache.obj
c:\users\dennis gaming\desktop\eamod nov 11, 2023 working\eamod 2011-12-28\vcproj-12\map-server_sql\debug\instance.obj
c:\users\dennis gaming\desktop\eamod nov 11, 2023 working\eamod 2011-12-28\vcproj-12\map-server_sql\debug\log.obj
c:\users\dennis gaming\desktop\eamod nov 11, 2023 working\eamod 2011-12-28\vcproj-12\map-server_sql\debug\mercenary.obj
c:\users\dennis gaming\desktop\eamod nov 11, 2023 working\eamod 2011-12-28\vcproj-12\map-server_sql\debug\party.obj
c:\users\dennis gaming\desktop\eamod nov 11, 2023 working\eamod 2011-12-28\vcproj-12\map-server_sql\debug\region.obj
c:\users\dennis gaming\desktop\eamod nov 11, 2023 working\eamod 2011-12-28\vcproj-12\map-server_sql\debug\skill.obj
c:\users\dennis gaming\desktop\eamod nov 11, 2023 working\eamod 2011-12-28\vcproj-12\map-server_sql\debug\unit.obj
c:\users\dennis gaming\desktop\eamod nov 11, 2023 working\eamod 2011-12-28\vcproj-12\map-server_sql\debug\atcommand.obj
c:\users\dennis gaming\desktop\eamod nov 11, 2023 working\eamod 2011-12-28\vcproj-12\map-server_sql\debug\clif.obj
c:\users\dennis gaming\desktop\eamod nov 11, 2023 working\eamod 2011-12-28\vcproj-12\map-server_sql\debug\map.obj
c:\users\dennis gaming\desktop\eamod nov 11, 2023 working\eamod 2011-12-28\vcproj-12\map-server_sql\debug\npc_chat.obj
c:\users\dennis gaming\desktop\eamod nov 11, 2023 working\eamod 2011-12-28\vcproj-12\map-server_sql\debug\path.obj
c:\users\dennis gaming\desktop\eamod nov 11, 2023 working\eamod 2011-12-28\vcproj-12\map-server_sql\debug\pc.obj
c:\users\dennis gaming\desktop\eamod nov 11, 2023 working\eamod 2011-12-28\vcproj-12\map-server_sql\debug\status.obj
c:\users\dennis gaming\desktop\eamod nov 11, 2023 working\eamod 2011-12-28\vcproj-12\map-server_sql\debug\vending.obj
c:\users\dennis gaming\desktop\eamod nov 11, 2023 working\eamod 2011-12-28\vcproj-12\map-server_sql\debug\battle.obj
c:\users\dennis gaming\desktop\eamod nov 11, 2023 working\eamod 2011-12-28\vcproj-12\map-server_sql\debug\channel.obj
c:\users\dennis gaming\desktop\eamod nov 11, 2023 working\eamod 2011-12-28\vcproj-12\map-server_sql\debug\faction.obj
c:\users\dennis gaming\desktop\eamod nov 11, 2023 working\eamod 2011-12-28\vcproj-12\map-server_sql\debug\guild_castle.obj
c:\users\dennis gaming\desktop\eamod nov 11, 2023 working\eamod 2011-12-28\vcproj-12\map-server_sql\debug\homunculus.obj
c:\users\dennis gaming\desktop\eamod nov 11, 2023 working\eamod 2011-12-28\vcproj-12\map-server_sql\debug\itemdb.obj
c:\users\dennis gaming\desktop\eamod nov 11, 2023 working\eamod 2011-12-28\vcproj-12\map-server_sql\debug\mail.obj
c:\users\dennis gaming\desktop\eamod nov 11, 2023 working\eamod 2011-12-28\vcproj-12\map-server_sql\debug\mapreg_sql.obj
c:\users\dennis gaming\desktop\eamod nov 11, 2023 working\eamod 2011-12-28\vcproj-12\map-server_sql\debug\mob.obj
c:\users\dennis gaming\desktop\eamod nov 11, 2023 working\eamod 2011-12-28\vcproj-12\map-server_sql\debug\pet.obj
c:\users\dennis gaming\desktop\eamod nov 11, 2023 working\eamod 2011-12-28\vcproj-12\map-server_sql\debug\script.obj
c:\users\dennis gaming\desktop\eamod nov 11, 2023 working\eamod 2011-12-28\vcproj-12\map-server_sql\debug\vc120.pdb
c:\users\dennis gaming\desktop\eamod nov 11, 2023 working\eamod 2011-12-28\map-server_sql.ilk
c:\users\dennis gaming\desktop\eamod nov 11, 2023 working\eamod 2011-12-28\map-server_sql.exe
c:\users\dennis gaming\desktop\eamod nov 11, 2023 working\eamod 2011-12-28\map-server_sql.pdb
c:\users\dennis gaming\desktop\eamod nov 11, 2023 working\eamod 2011-12-28\vcproj-12\map-server_sql\debug\vc120.idb
c:\users\dennis gaming\desktop\eamod nov 11, 2023 working\eamod 2011-12-28\vcproj-12\..\map-server_sql.exe
c:\users\dennis gaming\desktop\eamod nov 11, 2023 working\eamod 2011-12-28\vcproj-12\map-server_sql\debug\map-server_sql.tlog\cl.command.1.tlog
c:\users\dennis gaming\desktop\eamod nov 11, 2023 working\eamod 2011-12-28\vcproj-12\map-server_sql\debug\map-server_sql.tlog\cl.read.1.tlog
c:\users\dennis gaming\desktop\eamod nov 11, 2023 working\eamod 2011-12-28\vcproj-12\map-server_sql\debug\map-server_sql.tlog\cl.write.1.tlog
c:\users\dennis gaming\desktop\eamod nov 11, 2023 working\eamod 2011-12-28\vcproj-12\map-server_sql\debug\map-server_sql.tlog\link.command.1.tlog
c:\users\dennis gaming\desktop\eamod nov 11, 2023 working\eamod 2011-12-28\vcproj-12\map-server_sql\debug\map-server_sql.tlog\link.read.1.tlog
c:\users\dennis gaming\desktop\eamod nov 11, 2023 working\eamod 2011-12-28\vcproj-12\map-server_sql\debug\map-server_sql.tlog\link.write.1.tlog
