Build started 11/15/2023 5:44:10 PM.
     1>Project "C:\Users\Dennis Gaming\Desktop\eAmod Nov 11, 2023 working\eAmod 2011-12-28\vcproj-12\map-server_sql.vcxproj" on node 5 (Build target(s)).
     1>ClCompile:
         C:\Program Files (x86)\Microsoft Visual Studio 12.0\VC\bin\CL.exe /c /I..\src\common /I..\3rdparty\msinttypes\include /I..\3rdparty\pcre\old\include /ZI /nologo /W3 /WX- /MP /Od /Oy- /D WIN32 /D _DEBUG /D PCRE_SUPPORT /D _MBCS /Gm- /EHsc /RTC1 /MTd /GS /Gy /fp:precise /Zc:wchar_t /Zc:forScope /Fo"map-server_sql\Debug\\" /Fd"map-server_sql\Debug\vc120.pdb" /Gd /TC /wd4018 /wd4100 /wd4800 /wd4996 /FIconfig.vc.h /analyze- /errorReport:prompt ..\src\map\achievement.c ..\src\map\atcommand.c ..\src\map\battle.c ..\src\map\battleground.c ..\src\map\buyingstore.c ..\src\map\channel.c ..\src\map\chat.c ..\src\map\chrif.c ..\src\map\clif.c ..\src\map\date.c ..\src\map\duel.c ..\src\map\faction.c ..\src\map\guild.c ..\src\map\guild_castle.c ..\src\map\guild_expcache.c ..\src\map\homunculus.c ..\src\map\instance.c ..\src\map\intif.c ..\src\map\itemdb.c ..\src\map\log.c ..\src\map\mail.c ..\src\map\map.c ..\src\map\mapreg_sql.c ..\src\map\mercenary.c ..\src\map\mob.c ..\src\map\npc.c ..\src\map\npc_chat.c ..\src\map\party.c ..\src\map\path.c ..\src\map\pc.c ..\src\map\pet.c ..\src\map\quest.c ..\src\map\region.c ..\src\map\script.c ..\src\map\searchstore.c ..\src\map\skill.c ..\src\map\status.c ..\src\map\storage.c ..\src\map\trade.c ..\src\map\unit.c ..\src\map\vending.c
         achievement.c
         atcommand.c
         battle.c
         battleground.c
         buyingstore.c
         channel.c
         chat.c
         chrif.c
         clif.c
         date.c
         duel.c
         faction.c
         guild.c
         guild_castle.c
         guild_expcache.c
         homunculus.c
         instance.c
         intif.c
         itemdb.c
         log.c
         mail.c
         map.c
         mapreg_sql.c
         mercenary.c
         mob.c
         npc.c
         npc_chat.c
         party.c
         path.c
         pc.c
         pet.c
         quest.c
         region.c
         script.c
         searchstore.c
         skill.c
         status.c
         storage.c
         trade.c
         unit.c
         vending.c
       Link:
         C:\Program Files (x86)\Microsoft Visual Studio 12.0\VC\bin\link.exe /ERRORREPORT:PROMPT /OUT:"..\map-server_sql.exe" /INCREMENTAL /NOLOGO /LIBPATH:..\3rdparty\pcre\old\lib libcmtd.lib oldnames.lib pcre.lib kernel32.lib user32.lib gdi32.lib winspool.lib comdlg32.lib advapi32.lib shell32.lib ole32.lib oleaut32.lib uuid.lib odbc32.lib odbccp32.lib /NODEFAULTLIB /MANIFEST /MANIFESTUAC:"level='asInvoker' uiAccess='false'" /manifest:embed /DEBUG /PDB:"..\map-server_sql.pdb" /SUBSYSTEM:CONSOLE /TLBID:1 /DYNAMICBASE:NO /NXCOMPAT /IMPLIB:"..\map-server_sql.lib" /MACHINE:X86 /SAFESEH "map-server_sql\Debug\achievement.obj"
         "map-server_sql\Debug\atcommand.obj"
         "map-server_sql\Debug\battle.obj"
         "map-server_sql\Debug\battleground.obj"
         "map-server_sql\Debug\buyingstore.obj"
         "map-server_sql\Debug\channel.obj"
         "map-server_sql\Debug\chat.obj"
         "map-server_sql\Debug\chrif.obj"
         "map-server_sql\Debug\clif.obj"
         "map-server_sql\Debug\date.obj"
         "map-server_sql\Debug\duel.obj"
         "map-server_sql\Debug\faction.obj"
         "map-server_sql\Debug\guild.obj"
         "map-server_sql\Debug\guild_castle.obj"
         "map-server_sql\Debug\guild_expcache.obj"
         "map-server_sql\Debug\homunculus.obj"
         "map-server_sql\Debug\instance.obj"
         "map-server_sql\Debug\intif.obj"
         "map-server_sql\Debug\itemdb.obj"
         "map-server_sql\Debug\log.obj"
         "map-server_sql\Debug\mail.obj"
         "map-server_sql\Debug\map.obj"
         "map-server_sql\Debug\mapreg_sql.obj"
         "map-server_sql\Debug\mercenary.obj"
         "map-server_sql\Debug\mob.obj"
         "map-server_sql\Debug\npc.obj"
         "map-server_sql\Debug\npc_chat.obj"
         "map-server_sql\Debug\party.obj"
         "map-server_sql\Debug\path.obj"
         "map-server_sql\Debug\pc.obj"
         "map-server_sql\Debug\pet.obj"
         "map-server_sql\Debug\quest.obj"
         "map-server_sql\Debug\region.obj"
         "map-server_sql\Debug\script.obj"
         "map-server_sql\Debug\searchstore.obj"
         "map-server_sql\Debug\skill.obj"
         "map-server_sql\Debug\status.obj"
         "map-server_sql\Debug\storage.obj"
         "map-server_sql\Debug\trade.obj"
         "map-server_sql\Debug\unit.obj"
         "map-server_sql\Debug\vending.obj"
         "C:\Users\Dennis Gaming\Desktop\eAmod Nov 11, 2023 working\eAmod 2011-12-28\vcproj-12\common\Debug\common.lib"
         "C:\Users\Dennis Gaming\Desktop\eAmod Nov 11, 2023 working\eAmod 2011-12-28\vcproj-12\common_sql\Debug\common_sql.lib"
     1>achievement.obj : warning LNK4075: ignoring '/EDITANDCONTINUE' due to '/SAFESEH' specification
         map-server_sql.vcxproj -> C:\Users\Dennis Gaming\Desktop\eAmod Nov 11, 2023 working\eAmod 2011-12-28\vcproj-12\..\map-server_sql.exe
     1>Done Building Project "C:\Users\Dennis Gaming\Desktop\eAmod Nov 11, 2023 working\eAmod 2011-12-28\vcproj-12\map-server_sql.vcxproj" (Build target(s)).

Build succeeded.

Time Elapsed 00:00:12.37
