c:\users\dennis gaming\desktop\zaftserver\vcproj-12\char-server_sql\debug\int_guild.obj
c:\users\dennis gaming\desktop\zaftserver\vcproj-12\char-server_sql\debug\int_mercenary.obj
c:\users\dennis gaming\desktop\zaftserver\vcproj-12\char-server_sql\debug\int_pet.obj
c:\users\dennis gaming\desktop\zaftserver\vcproj-12\char-server_sql\debug\char.obj
c:\users\dennis gaming\desktop\zaftserver\vcproj-12\char-server_sql\debug\int_party.obj
c:\users\dennis gaming\desktop\zaftserver\vcproj-12\char-server_sql\debug\inter.obj
c:\users\dennis gaming\desktop\zaftserver\vcproj-12\char-server_sql\debug\int_achievement.obj
c:\users\dennis gaming\desktop\zaftserver\vcproj-12\char-server_sql\debug\int_homun.obj
c:\users\dennis gaming\desktop\zaftserver\vcproj-12\char-server_sql\debug\int_storage.obj
c:\users\dennis gaming\desktop\zaftserver\vcproj-12\char-server_sql\debug\int_auction.obj
c:\users\dennis gaming\desktop\zaftserver\vcproj-12\char-server_sql\debug\int_mail.obj
c:\users\dennis gaming\desktop\zaftserver\vcproj-12\char-server_sql\debug\int_quest.obj
c:\users\dennis gaming\desktop\zaftserver\vcproj-12\char-server_sql\debug\vc120.pdb
c:\users\dennis gaming\desktop\zaftserver\vcproj-12\char-server_sql\debug\vc120.idb
c:\users\dennis gaming\desktop\zaftserver\vcproj-12\char-server_sql\debug\char-server_sql.tlog\cl.command.1.tlog
c:\users\dennis gaming\desktop\zaftserver\vcproj-12\char-server_sql\debug\char-server_sql.tlog\cl.read.1.tlog
c:\users\dennis gaming\desktop\zaftserver\vcproj-12\char-server_sql\debug\char-server_sql.tlog\cl.write.1.tlog
c:\users\dennis gaming\desktop\zaftserver\vcproj-12\char-server_sql\debug\char-server_sql.tlog\link-cvtres.read.1.tlog
c:\users\dennis gaming\desktop\zaftserver\vcproj-12\char-server_sql\debug\char-server_sql.tlog\link-cvtres.write.1.tlog
c:\users\dennis gaming\desktop\zaftserver\vcproj-12\char-server_sql\debug\char-server_sql.tlog\link-rc.read.1.tlog
c:\users\dennis gaming\desktop\zaftserver\vcproj-12\char-server_sql\debug\char-server_sql.tlog\link-rc.write.1.tlog
c:\users\dennis gaming\desktop\zaftserver\vcproj-12\char-server_sql\debug\char-server_sql.tlog\link.command.1.tlog
c:\users\dennis gaming\desktop\zaftserver\vcproj-12\char-server_sql\debug\char-server_sql.tlog\link.read.1.tlog
c:\users\dennis gaming\desktop\zaftserver\vcproj-12\char-server_sql\debug\char-server_sql.tlog\link.write.1.tlog
