Build started 11/19/2023 11:53:32 PM.
     1>Project "C:\Users\Dennis Gaming\Desktop\zaftserver\vcproj-12\login-server_sql.vcxproj" on node 2 (Build target(s)).
     1>ClCompile:
         C:\Program Files (x86)\Microsoft Visual Studio 12.0\VC\bin\CL.exe /c /I..\src\common /I..\3rdparty\msinttypes\include /ZI /nologo /W3 /WX- /MP /Od /Oy- /D WIN32 /D _DEBUG /D WITH_SQL /D _VC80_UPGRADE=0x0710 /D _MBCS /Gm- /EHsc /RTC1 /MTd /GS /Gy /fp:precise /Zc:wchar_t /Zc:forScope /Fo"login-server_sql\Debug\\" /Fd"login-server_sql\Debug\vc120.pdb" /Gd /TC /wd4100 /wd4800 /wd4996 /FIconfig.vc.h /analyze- /errorReport:prompt ..\src\login\account_sql.c ..\src\login\ipban_sql.c ..\src\login\login.c ..\src\login\loginlog_sql.c
         account_sql.c
         ipban_sql.c
         login.c
         loginlog_sql.c
       Link:
         C:\Program Files (x86)\Microsoft Visual Studio 12.0\VC\bin\link.exe /ERRORREPORT:PROMPT /OUT:"..\login-server_sql.exe" /INCREMENTAL /NOLOGO libcmtd.lib oldnames.lib kernel32.lib user32.lib gdi32.lib winspool.lib comdlg32.lib advapi32.lib shell32.lib ole32.lib oleaut32.lib uuid.lib odbc32.lib odbccp32.lib /NODEFAULTLIB /MANIFEST /MANIFESTUAC:"level='asInvoker' uiAccess='false'" /manifest:embed /DEBUG /PDB:"..\login-server_sql.pdb" /SUBSYSTEM:CONSOLE /TLBID:1 /DYNAMICBASE:NO /NXCOMPAT /IMPLIB:"..\login-server_sql.lib" /MACHINE:X86 /SAFESEH "login-server_sql\Debug\account_sql.obj"
         "login-server_sql\Debug\ipban_sql.obj"
         "login-server_sql\Debug\login.obj"
         "login-server_sql\Debug\loginlog_sql.obj"
         "C:\Users\Dennis Gaming\Desktop\zaftserver\vcproj-12\common\Debug\common.lib"
         "C:\Users\Dennis Gaming\Desktop\zaftserver\vcproj-12\common_sql\Debug\common_sql.lib"
     1>account_sql.obj : warning LNK4075: ignoring '/EDITANDCONTINUE' due to '/SAFESEH' specification
         login-server_sql.vcxproj -> C:\Users\Dennis Gaming\Desktop\zaftserver\vcproj-12\..\login-server_sql.exe
     1>Done Building Project "C:\Users\Dennis Gaming\Desktop\zaftserver\vcproj-12\login-server_sql.vcxproj" (Build target(s)).

Build succeeded.

Time Elapsed 00:00:07.43
