c:\users\dennis gaming\desktop\eamod nov 11, 2023 working\eamod 2011-12-28\vcproj-12\map-server_sql\release\battle.obj
c:\users\dennis gaming\desktop\eamod nov 11, 2023 working\eamod 2011-12-28\vcproj-12\map-server_sql\release\channel.obj
c:\users\dennis gaming\desktop\eamod nov 11, 2023 working\eamod 2011-12-28\vcproj-12\map-server_sql\release\chrif.obj
c:\users\dennis gaming\desktop\eamod nov 11, 2023 working\eamod 2011-12-28\vcproj-12\map-server_sql\release\guild_castle.obj
c:\users\dennis gaming\desktop\eamod nov 11, 2023 working\eamod 2011-12-28\vcproj-12\map-server_sql\release\instance.obj
c:\users\dennis gaming\desktop\eamod nov 11, 2023 working\eamod 2011-12-28\vcproj-12\map-server_sql\release\mail.obj
c:\users\dennis gaming\desktop\eamod nov 11, 2023 working\eamod 2011-12-28\vcproj-12\map-server_sql\release\mercenary.obj
c:\users\dennis gaming\desktop\eamod nov 11, 2023 working\eamod 2011-12-28\vcproj-12\map-server_sql\release\npc_chat.obj
c:\users\dennis gaming\desktop\eamod nov 11, 2023 working\eamod 2011-12-28\vcproj-12\map-server_sql\release\path.obj
c:\users\dennis gaming\desktop\eamod nov 11, 2023 working\eamod 2011-12-28\vcproj-12\map-server_sql\release\pet.obj
c:\users\dennis gaming\desktop\eamod nov 11, 2023 working\eamod 2011-12-28\vcproj-12\map-server_sql\release\region.obj
c:\users\dennis gaming\desktop\eamod nov 11, 2023 working\eamod 2011-12-28\vcproj-12\map-server_sql\release\searchstore.obj
c:\users\dennis gaming\desktop\eamod nov 11, 2023 working\eamod 2011-12-28\vcproj-12\map-server_sql\release\status.obj
c:\users\dennis gaming\desktop\eamod nov 11, 2023 working\eamod 2011-12-28\vcproj-12\map-server_sql\release\unit.obj
c:\users\dennis gaming\desktop\eamod nov 11, 2023 working\eamod 2011-12-28\vcproj-12\map-server_sql\release\battleground.obj
c:\users\dennis gaming\desktop\eamod nov 11, 2023 working\eamod 2011-12-28\vcproj-12\map-server_sql\release\chat.obj
c:\users\dennis gaming\desktop\eamod nov 11, 2023 working\eamod 2011-12-28\vcproj-12\map-server_sql\release\date.obj
c:\users\dennis gaming\desktop\eamod nov 11, 2023 working\eamod 2011-12-28\vcproj-12\map-server_sql\release\duel.obj
c:\users\dennis gaming\desktop\eamod nov 11, 2023 working\eamod 2011-12-28\vcproj-12\map-server_sql\release\guild.obj
c:\users\dennis gaming\desktop\eamod nov 11, 2023 working\eamod 2011-12-28\vcproj-12\map-server_sql\release\intif.obj
c:\users\dennis gaming\desktop\eamod nov 11, 2023 working\eamod 2011-12-28\vcproj-12\map-server_sql\release\npc.obj
c:\users\dennis gaming\desktop\eamod nov 11, 2023 working\eamod 2011-12-28\vcproj-12\map-server_sql\release\pc.obj
c:\users\dennis gaming\desktop\eamod nov 11, 2023 working\eamod 2011-12-28\vcproj-12\map-server_sql\release\storage.obj
c:\users\dennis gaming\desktop\eamod nov 11, 2023 working\eamod 2011-12-28\vcproj-12\map-server_sql\release\trade.obj
c:\users\dennis gaming\desktop\eamod nov 11, 2023 working\eamod 2011-12-28\vcproj-12\map-server_sql\release\achievement.obj
c:\users\dennis gaming\desktop\eamod nov 11, 2023 working\eamod 2011-12-28\vcproj-12\map-server_sql\release\buyingstore.obj
c:\users\dennis gaming\desktop\eamod nov 11, 2023 working\eamod 2011-12-28\vcproj-12\map-server_sql\release\clif.obj
c:\users\dennis gaming\desktop\eamod nov 11, 2023 working\eamod 2011-12-28\vcproj-12\map-server_sql\release\itemdb.obj
c:\users\dennis gaming\desktop\eamod nov 11, 2023 working\eamod 2011-12-28\vcproj-12\map-server_sql\release\map.obj
c:\users\dennis gaming\desktop\eamod nov 11, 2023 working\eamod 2011-12-28\vcproj-12\map-server_sql\release\party.obj
c:\users\dennis gaming\desktop\eamod nov 11, 2023 working\eamod 2011-12-28\vcproj-12\map-server_sql\release\script.obj
c:\users\dennis gaming\desktop\eamod nov 11, 2023 working\eamod 2011-12-28\vcproj-12\map-server_sql\release\atcommand.obj
c:\users\dennis gaming\desktop\eamod nov 11, 2023 working\eamod 2011-12-28\vcproj-12\map-server_sql\release\faction.obj
c:\users\dennis gaming\desktop\eamod nov 11, 2023 working\eamod 2011-12-28\vcproj-12\map-server_sql\release\guild_expcache.obj
c:\users\dennis gaming\desktop\eamod nov 11, 2023 working\eamod 2011-12-28\vcproj-12\map-server_sql\release\homunculus.obj
c:\users\dennis gaming\desktop\eamod nov 11, 2023 working\eamod 2011-12-28\vcproj-12\map-server_sql\release\log.obj
c:\users\dennis gaming\desktop\eamod nov 11, 2023 working\eamod 2011-12-28\vcproj-12\map-server_sql\release\mapreg_sql.obj
c:\users\dennis gaming\desktop\eamod nov 11, 2023 working\eamod 2011-12-28\vcproj-12\map-server_sql\release\mob.obj
c:\users\dennis gaming\desktop\eamod nov 11, 2023 working\eamod 2011-12-28\vcproj-12\map-server_sql\release\quest.obj
c:\users\dennis gaming\desktop\eamod nov 11, 2023 working\eamod 2011-12-28\vcproj-12\map-server_sql\release\skill.obj
c:\users\dennis gaming\desktop\eamod nov 11, 2023 working\eamod 2011-12-28\vcproj-12\map-server_sql\release\vending.obj
c:\users\dennis gaming\desktop\eamod nov 11, 2023 working\eamod 2011-12-28\vcproj-12\map-server_sql\release\vc120.pdb
c:\users\dennis gaming\desktop\eamod nov 11, 2023 working\eamod 2011-12-28\map-server_sql.exe
c:\users\dennis gaming\desktop\eamod nov 11, 2023 working\eamod 2011-12-28\map-server_sql.pdb
c:\users\dennis gaming\desktop\eamod nov 11, 2023 working\eamod 2011-12-28\vcproj-12\..\map-server_sql.exe
c:\users\dennis gaming\desktop\eamod nov 11, 2023 working\eamod 2011-12-28\vcproj-12\map-server_sql\release\map-server_sql.tlog\cl.command.1.tlog
c:\users\dennis gaming\desktop\eamod nov 11, 2023 working\eamod 2011-12-28\vcproj-12\map-server_sql\release\map-server_sql.tlog\cl.read.1.tlog
c:\users\dennis gaming\desktop\eamod nov 11, 2023 working\eamod 2011-12-28\vcproj-12\map-server_sql\release\map-server_sql.tlog\cl.write.1.tlog
c:\users\dennis gaming\desktop\eamod nov 11, 2023 working\eamod 2011-12-28\vcproj-12\map-server_sql\release\map-server_sql.tlog\link.command.1.tlog
c:\users\dennis gaming\desktop\eamod nov 11, 2023 working\eamod 2011-12-28\vcproj-12\map-server_sql\release\map-server_sql.tlog\link.read.1.tlog
c:\users\dennis gaming\desktop\eamod nov 11, 2023 working\eamod 2011-12-28\vcproj-12\map-server_sql\release\map-server_sql.tlog\link.write.1.tlog
