..\mapcache.ilk
..\mapcache.pdb
C:\USERS\DENNIS GAMING\DESKTOP\ZAFTSERVER\MAPCACHE.EXE
C:\USERS\DENNIS GAMING\DESKTOP\ZAFTSERVER\MAPCACHE.ILK
C:\USERS\DENNIS GAMING\DESKTOP\ZAFTSERVER\MAPCACHE.PDB
C:\Users\Dennis Gaming\Desktop\zaftserver\vcproj-10\..\mapcache.exe
C:\Users\Dennis Gaming\Desktop\zaftserver\vcproj-10\mapcache\Debug\cl.command.1.tlog
C:\Users\Dennis Gaming\Desktop\zaftserver\vcproj-10\mapcache\Debug\CL.read.1.tlog
C:\Users\Dennis Gaming\Desktop\zaftserver\vcproj-10\mapcache\Debug\CL.write.1.tlog
C:\Users\Dennis Gaming\Desktop\zaftserver\vcproj-10\mapcache\Debug\link.11696.read.1.tlog
C:\Users\Dennis Gaming\Desktop\zaftserver\vcproj-10\mapcache\Debug\link.11696.write.1.tlog
C:\Users\Dennis Gaming\Desktop\zaftserver\vcproj-10\mapcache\Debug\link.11696-cvtres.read.1.tlog
C:\Users\Dennis Gaming\Desktop\zaftserver\vcproj-10\mapcache\Debug\link.11696-cvtres.write.1.tlog
C:\Users\Dennis Gaming\Desktop\zaftserver\vcproj-10\mapcache\Debug\link.4048.read.1.tlog
C:\Users\Dennis Gaming\Desktop\zaftserver\vcproj-10\mapcache\Debug\link.4048.write.1.tlog
C:\Users\Dennis Gaming\Desktop\zaftserver\vcproj-10\mapcache\Debug\link.4048-cvtres.read.1.tlog
C:\Users\Dennis Gaming\Desktop\zaftserver\vcproj-10\mapcache\Debug\link.4048-cvtres.write.1.tlog
C:\Users\Dennis Gaming\Desktop\zaftserver\vcproj-10\mapcache\Debug\link.6472.read.1.tlog
C:\Users\Dennis Gaming\Desktop\zaftserver\vcproj-10\mapcache\Debug\link.6472.write.1.tlog
C:\Users\Dennis Gaming\Desktop\zaftserver\vcproj-10\mapcache\Debug\link.6472-cvtres.read.1.tlog
C:\Users\Dennis Gaming\Desktop\zaftserver\vcproj-10\mapcache\Debug\link.6472-cvtres.write.1.tlog
C:\Users\Dennis Gaming\Desktop\zaftserver\vcproj-10\mapcache\Debug\link.command.1.tlog
C:\Users\Dennis Gaming\Desktop\zaftserver\vcproj-10\mapcache\Debug\link.read.1.tlog
C:\Users\Dennis Gaming\Desktop\zaftserver\vcproj-10\mapcache\Debug\link.write.1.tlog
C:\Users\Dennis Gaming\Desktop\zaftserver\vcproj-10\mapcache\Debug\link-cvtres.read.1.tlog
C:\Users\Dennis Gaming\Desktop\zaftserver\vcproj-10\mapcache\Debug\link-cvtres.write.1.tlog
C:\USERS\DENNIS GAMING\DESKTOP\ZAFTSERVER\VCPROJ-10\MAPCACHE\DEBUG\MAPCACHE.EXE.EMBED.MANIFEST
C:\USERS\DENNIS GAMING\DESKTOP\ZAFTSERVER\VCPROJ-10\MAPCACHE\DEBUG\MAPCACHE.EXE.EMBED.MANIFEST.RES
C:\USERS\DENNIS GAMING\DESKTOP\ZAFTSERVER\VCPROJ-10\MAPCACHE\DEBUG\MAPCACHE.EXE.INTERMEDIATE.MANIFEST
C:\USERS\DENNIS GAMING\DESKTOP\ZAFTSERVER\VCPROJ-10\MAPCACHE\DEBUG\MAPCACHE.OBJ
C:\Users\Dennis Gaming\Desktop\zaftserver\vcproj-10\mapcache\Debug\mapcache.write.1.tlog
C:\Users\Dennis Gaming\Desktop\zaftserver\vcproj-10\mapcache\Debug\mapcache_manifest.rc
C:\Users\Dennis Gaming\Desktop\zaftserver\vcproj-10\mapcache\Debug\mt.command.1.tlog
C:\Users\Dennis Gaming\Desktop\zaftserver\vcproj-10\mapcache\Debug\mt.read.1.tlog
C:\Users\Dennis Gaming\Desktop\zaftserver\vcproj-10\mapcache\Debug\mt.write.1.tlog
C:\Users\Dennis Gaming\Desktop\zaftserver\vcproj-10\mapcache\Debug\rc.command.1.tlog
C:\Users\Dennis Gaming\Desktop\zaftserver\vcproj-10\mapcache\Debug\rc.read.1.tlog
C:\Users\Dennis Gaming\Desktop\zaftserver\vcproj-10\mapcache\Debug\rc.write.1.tlog
C:\Users\Dennis Gaming\Desktop\zaftserver\vcproj-10\mapcache\Debug\vc100.idb
C:\USERS\DENNIS GAMING\DESKTOP\ZAFTSERVER\VCPROJ-10\MAPCACHE\DEBUG\VC100.PDB
