Build started 11/15/2023 5:54:18 PM.
     1>Project "C:\Users\Dennis Gaming\Desktop\eAmod Nov 11, 2023 working\eAmod 2011-12-28\vcproj-10\mapcache.vcxproj" on node 3 (build target(s)).
     1>InitializeBuildStatus:
         Creating "mapcache\Debug\mapcache.unsuccessfulbuild" because "AlwaysCreate" was specified.
       ClCompile:
         C:\Program Files (x86)\Microsoft Visual Studio 10.0\VC\bin\CL.exe /c /I..\src\common /I..\3rdparty\msinttypes\include /ZI /nologo /W3 /WX- /MP /Od /Oy- /D WIN32 /D _DEBUG /D _MBCS /Gm- /EHsc /RTC1 /MTd /GS /Gy /fp:precise /Zc:wchar_t /Zc:forScope /Fo"mapcache\Debug\\" /Fd"mapcache\Debug\vc100.pdb" /Gd /TC /wd4996 /FIconfig.vc.h /analyze- /errorReport:prompt ..\src\tool\mapcache.c
         mapcache.c
       ManifestResourceCompile:
         C:\Program Files (x86)\Microsoft SDKs\Windows\v7.0A\bin\rc.exe /nologo /fo"mapcache\Debug\mapcache.exe.embed.manifest.res" mapcache\Debug\mapcache_manifest.rc 
       Link:
         C:\Program Files (x86)\Microsoft Visual Studio 10.0\VC\bin\link.exe /ERRORREPORT:PROMPT /OUT:"..\mapcache.exe" /INCREMENTAL /NOLOGO libcmtd.lib oldnames.lib kernel32.lib user32.lib gdi32.lib winspool.lib comdlg32.lib advapi32.lib shell32.lib ole32.lib oleaut32.lib uuid.lib odbc32.lib odbccp32.lib /NODEFAULTLIB /MANIFEST /ManifestFile:"mapcache\Debug\mapcache.exe.intermediate.manifest" /MANIFESTUAC:"level='asInvoker' uiAccess='false'" /DEBUG /PDB:"..\mapcache.pdb" /SUBSYSTEM:CONSOLE /TLBID:1 /DYNAMICBASE:NO /NXCOMPAT /IMPLIB:"..\mapcache.lib" /MACHINE:X86 mapcache\Debug\mapcache.exe.embed.manifest.res
         mapcache\Debug\mapcache.obj
         "C:\Users\Dennis Gaming\Desktop\eAmod Nov 11, 2023 working\eAmod 2011-12-28\vcproj-10\common\Debug\common.lib" /FIXED:NO 
       Manifest:
         C:\Program Files (x86)\Microsoft SDKs\Windows\v7.0A\bin\mt.exe /nologo /verbose /out:"mapcache\Debug\mapcache.exe.embed.manifest" /manifest mapcache\Debug\mapcache.exe.intermediate.manifest
         C:\Program Files (x86)\Microsoft SDKs\Windows\v7.0A\bin\rc.exe /nologo /fo"mapcache\Debug\mapcache.exe.embed.manifest.res" mapcache\Debug\mapcache_manifest.rc 
       LinkEmbedManifest:
         C:\Program Files (x86)\Microsoft Visual Studio 10.0\VC\bin\link.exe /ERRORREPORT:PROMPT /OUT:"..\mapcache.exe" /INCREMENTAL /NOLOGO libcmtd.lib oldnames.lib kernel32.lib user32.lib gdi32.lib winspool.lib comdlg32.lib advapi32.lib shell32.lib ole32.lib oleaut32.lib uuid.lib odbc32.lib odbccp32.lib /NODEFAULTLIB /MANIFEST /ManifestFile:"mapcache\Debug\mapcache.exe.intermediate.manifest" /MANIFESTUAC:"level='asInvoker' uiAccess='false'" /DEBUG /PDB:"..\mapcache.pdb" /SUBSYSTEM:CONSOLE /TLBID:1 /DYNAMICBASE:NO /NXCOMPAT /IMPLIB:"..\mapcache.lib" /MACHINE:X86 mapcache\Debug\mapcache.exe.embed.manifest.res
         mapcache\Debug\mapcache.obj
         "C:\Users\Dennis Gaming\Desktop\eAmod Nov 11, 2023 working\eAmod 2011-12-28\vcproj-10\common\Debug\common.lib" /FIXED:NO 
         mapcache.vcxproj -> C:\Users\Dennis Gaming\Desktop\eAmod Nov 11, 2023 working\eAmod 2011-12-28\vcproj-10\..\mapcache.exe
       FinalizeBuildStatus:
         Deleting file "mapcache\Debug\mapcache.unsuccessfulbuild".
         Touching "mapcache\Debug\mapcache.lastbuildstate".
     1>Done Building Project "C:\Users\Dennis Gaming\Desktop\eAmod Nov 11, 2023 working\eAmod 2011-12-28\vcproj-10\mapcache.vcxproj" (build target(s)).

Build succeeded.

Time Elapsed 00:00:20.23
