c:\users\dennis gaming\desktop\eamod nov 11, 2023 working\eamod 2011-12-28\vcproj-12\char-server_sql\release\char.obj
c:\users\dennis gaming\desktop\eamod nov 11, 2023 working\eamod 2011-12-28\vcproj-12\char-server_sql\release\int_party.obj
c:\users\dennis gaming\desktop\eamod nov 11, 2023 working\eamod 2011-12-28\vcproj-12\char-server_sql\release\inter.obj
c:\users\dennis gaming\desktop\eamod nov 11, 2023 working\eamod 2011-12-28\vcproj-12\char-server_sql\release\int_achievement.obj
c:\users\dennis gaming\desktop\eamod nov 11, 2023 working\eamod 2011-12-28\vcproj-12\char-server_sql\release\int_homun.obj
c:\users\dennis gaming\desktop\eamod nov 11, 2023 working\eamod 2011-12-28\vcproj-12\char-server_sql\release\int_pet.obj
c:\users\dennis gaming\desktop\eamod nov 11, 2023 working\eamod 2011-12-28\vcproj-12\char-server_sql\release\int_auction.obj
c:\users\dennis gaming\desktop\eamod nov 11, 2023 working\eamod 2011-12-28\vcproj-12\char-server_sql\release\int_mail.obj
c:\users\dennis gaming\desktop\eamod nov 11, 2023 working\eamod 2011-12-28\vcproj-12\char-server_sql\release\int_storage.obj
c:\users\dennis gaming\desktop\eamod nov 11, 2023 working\eamod 2011-12-28\vcproj-12\char-server_sql\release\int_guild.obj
c:\users\dennis gaming\desktop\eamod nov 11, 2023 working\eamod 2011-12-28\vcproj-12\char-server_sql\release\int_mercenary.obj
c:\users\dennis gaming\desktop\eamod nov 11, 2023 working\eamod 2011-12-28\vcproj-12\char-server_sql\release\int_quest.obj
c:\users\dennis gaming\desktop\eamod nov 11, 2023 working\eamod 2011-12-28\vcproj-12\char-server_sql\release\vc120.pdb
c:\users\dennis gaming\desktop\eamod nov 11, 2023 working\eamod 2011-12-28\char-server_sql.exe
c:\users\dennis gaming\desktop\eamod nov 11, 2023 working\eamod 2011-12-28\char-server_sql.pdb
c:\users\dennis gaming\desktop\eamod nov 11, 2023 working\eamod 2011-12-28\vcproj-12\..\char-server_sql.exe
c:\users\dennis gaming\desktop\eamod nov 11, 2023 working\eamod 2011-12-28\vcproj-12\char-server_sql\release\char-server_sql.tlog\cl.command.1.tlog
c:\users\dennis gaming\desktop\eamod nov 11, 2023 working\eamod 2011-12-28\vcproj-12\char-server_sql\release\char-server_sql.tlog\cl.read.1.tlog
c:\users\dennis gaming\desktop\eamod nov 11, 2023 working\eamod 2011-12-28\vcproj-12\char-server_sql\release\char-server_sql.tlog\cl.write.1.tlog
c:\users\dennis gaming\desktop\eamod nov 11, 2023 working\eamod 2011-12-28\vcproj-12\char-server_sql\release\char-server_sql.tlog\link.command.1.tlog
c:\users\dennis gaming\desktop\eamod nov 11, 2023 working\eamod 2011-12-28\vcproj-12\char-server_sql\release\char-server_sql.tlog\link.read.1.tlog
c:\users\dennis gaming\desktop\eamod nov 11, 2023 working\eamod 2011-12-28\vcproj-12\char-server_sql\release\char-server_sql.tlog\link.write.1.tlog
