C:\Users\Dennis Gaming\Desktop\zaftserver\vcproj-10\common\Debug\CL.10164.read.1.tlog
C:\Users\Dennis Gaming\Desktop\zaftserver\vcproj-10\common\Debug\CL.10164.write.1.tlog
C:\Users\Dennis Gaming\Desktop\zaftserver\vcproj-10\common\Debug\CL.10812.read.1.tlog
C:\Users\Dennis Gaming\Desktop\zaftserver\vcproj-10\common\Debug\CL.10812.write.1.tlog
C:\Users\Dennis Gaming\Desktop\zaftserver\vcproj-10\common\Debug\CL.11408.read.1.tlog
C:\Users\Dennis Gaming\Desktop\zaftserver\vcproj-10\common\Debug\CL.11408.write.1.tlog
C:\Users\Dennis Gaming\Desktop\zaftserver\vcproj-10\common\Debug\CL.12216.read.1.tlog
C:\Users\Dennis Gaming\Desktop\zaftserver\vcproj-10\common\Debug\CL.12216.write.1.tlog
C:\Users\Dennis Gaming\Desktop\zaftserver\vcproj-10\common\Debug\CL.1600.read.1.tlog
C:\Users\Dennis Gaming\Desktop\zaftserver\vcproj-10\common\Debug\CL.1600.write.1.tlog
C:\Users\Dennis Gaming\Desktop\zaftserver\vcproj-10\common\Debug\CL.2980.read.1.tlog
C:\Users\Dennis Gaming\Desktop\zaftserver\vcproj-10\common\Debug\CL.2980.write.1.tlog
C:\Users\Dennis Gaming\Desktop\zaftserver\vcproj-10\common\Debug\CL.3016.read.1.tlog
C:\Users\Dennis Gaming\Desktop\zaftserver\vcproj-10\common\Debug\CL.3016.write.1.tlog
C:\Users\Dennis Gaming\Desktop\zaftserver\vcproj-10\common\Debug\CL.5304.read.1.tlog
C:\Users\Dennis Gaming\Desktop\zaftserver\vcproj-10\common\Debug\CL.5304.write.1.tlog
C:\Users\Dennis Gaming\Desktop\zaftserver\vcproj-10\common\Debug\CL.7024.read.1.tlog
C:\Users\Dennis Gaming\Desktop\zaftserver\vcproj-10\common\Debug\CL.7024.write.1.tlog
C:\Users\Dennis Gaming\Desktop\zaftserver\vcproj-10\common\Debug\CL.8016.read.1.tlog
C:\Users\Dennis Gaming\Desktop\zaftserver\vcproj-10\common\Debug\CL.8016.write.1.tlog
C:\Users\Dennis Gaming\Desktop\zaftserver\vcproj-10\common\Debug\CL.9360.read.1.tlog
C:\Users\Dennis Gaming\Desktop\zaftserver\vcproj-10\common\Debug\CL.9360.write.1.tlog
C:\Users\Dennis Gaming\Desktop\zaftserver\vcproj-10\common\Debug\CL.9536.read.1.tlog
C:\Users\Dennis Gaming\Desktop\zaftserver\vcproj-10\common\Debug\CL.9536.write.1.tlog
C:\Users\Dennis Gaming\Desktop\zaftserver\vcproj-10\common\Debug\cl.command.1.tlog
C:\Users\Dennis Gaming\Desktop\zaftserver\vcproj-10\common\Debug\CL.read.1.tlog
C:\Users\Dennis Gaming\Desktop\zaftserver\vcproj-10\common\Debug\cl.write.1.tlog
C:\USERS\DENNIS GAMING\DESKTOP\ZAFTSERVER\VCPROJ-10\COMMON\DEBUG\COMMON.LIB
C:\Users\Dennis Gaming\Desktop\zaftserver\vcproj-10\common\Debug\common.write.1.tlog
C:\Users\Dennis Gaming\Desktop\zaftserver\vcproj-10\common\Debug\core.obj
C:\Users\Dennis Gaming\Desktop\zaftserver\vcproj-10\common\Debug\db.obj
C:\Users\Dennis Gaming\Desktop\zaftserver\vcproj-10\common\Debug\des.obj
C:\Users\Dennis Gaming\Desktop\zaftserver\vcproj-10\common\Debug\ers.obj
C:\Users\Dennis Gaming\Desktop\zaftserver\vcproj-10\common\Debug\grfio.obj
C:\Users\Dennis Gaming\Desktop\zaftserver\vcproj-10\common\Debug\lib.command.1.tlog
C:\Users\Dennis Gaming\Desktop\zaftserver\vcproj-10\common\Debug\Lib-link.read.1.tlog
C:\Users\Dennis Gaming\Desktop\zaftserver\vcproj-10\common\Debug\Lib-link.write.1.tlog
C:\Users\Dennis Gaming\Desktop\zaftserver\vcproj-10\common\Debug\lock.obj
C:\Users\Dennis Gaming\Desktop\zaftserver\vcproj-10\common\Debug\malloc.obj
C:\Users\Dennis Gaming\Desktop\zaftserver\vcproj-10\common\Debug\mapindex.obj
C:\Users\Dennis Gaming\Desktop\zaftserver\vcproj-10\common\Debug\md5calc.obj
C:\Users\Dennis Gaming\Desktop\zaftserver\vcproj-10\common\Debug\mt19937ar.obj
C:\Users\Dennis Gaming\Desktop\zaftserver\vcproj-10\common\Debug\nullpo.obj
C:\Users\Dennis Gaming\Desktop\zaftserver\vcproj-10\common\Debug\plugins.obj
C:\Users\Dennis Gaming\Desktop\zaftserver\vcproj-10\common\Debug\random.obj
C:\Users\Dennis Gaming\Desktop\zaftserver\vcproj-10\common\Debug\showmsg.obj
C:\Users\Dennis Gaming\Desktop\zaftserver\vcproj-10\common\Debug\socket.obj
C:\Users\Dennis Gaming\Desktop\zaftserver\vcproj-10\common\Debug\strlib.obj
C:\Users\Dennis Gaming\Desktop\zaftserver\vcproj-10\common\Debug\timer.obj
C:\Users\Dennis Gaming\Desktop\zaftserver\vcproj-10\common\Debug\utils.obj
C:\USERS\DENNIS GAMING\DESKTOP\ZAFTSERVER\VCPROJ-10\COMMON\DEBUG\VC100.PDB
