..\char-server_sql.ilk
..\char-server_sql.pdb
C:\USERS\DENNIS GAMING\DESKTOP\ZAFTSERVER\CHAR-SERVER_SQL.EXE
C:\USERS\DENNIS GAMING\DESKTOP\ZAFTSERVER\CHAR-SERVER_SQL.ILK
C:\USERS\DENNIS GAMING\DESKTOP\ZAFTSERVER\CHAR-SERVER_SQL.PDB
C:\Users\Dennis Gaming\Desktop\zaftserver\vcproj-10\..\char-server_sql.exe
C:\Users\Dennis Gaming\Desktop\zaftserver\vcproj-10\char-server_sql\Debug\char.obj
C:\USERS\DENNIS GAMING\DESKTOP\ZAFTSERVER\VCPROJ-10\CHAR-SERVER_SQL\DEBUG\CHAR-SERVER_SQL.EXE.EMBED.MANIFEST
C:\USERS\DENNIS GAMING\DESKTOP\ZAFTSERVER\VCPROJ-10\CHAR-SERVER_SQL\DEBUG\CHAR-SERVER_SQL.EXE.EMBED.MANIFEST.RES
C:\USERS\DENNIS GAMING\DESKTOP\ZAFTSERVER\VCPROJ-10\CHAR-SERVER_SQL\DEBUG\CHAR-SERVER_SQL.EXE.INTERMEDIATE.MANIFEST
C:\Users\Dennis Gaming\Desktop\zaftserver\vcproj-10\char-server_sql\Debug\char-server_sql.write.1.tlog
C:\Users\Dennis Gaming\Desktop\zaftserver\vcproj-10\char-server_sql\Debug\char-server_sql_manifest.rc
C:\Users\Dennis Gaming\Desktop\zaftserver\vcproj-10\char-server_sql\Debug\CL.10052.read.1.tlog
C:\Users\Dennis Gaming\Desktop\zaftserver\vcproj-10\char-server_sql\Debug\CL.10052.write.1.tlog
C:\Users\Dennis Gaming\Desktop\zaftserver\vcproj-10\char-server_sql\Debug\CL.10436.read.1.tlog
C:\Users\Dennis Gaming\Desktop\zaftserver\vcproj-10\char-server_sql\Debug\CL.10436.write.1.tlog
C:\Users\Dennis Gaming\Desktop\zaftserver\vcproj-10\char-server_sql\Debug\CL.2568.read.1.tlog
C:\Users\Dennis Gaming\Desktop\zaftserver\vcproj-10\char-server_sql\Debug\CL.2568.write.1.tlog
C:\Users\Dennis Gaming\Desktop\zaftserver\vcproj-10\char-server_sql\Debug\CL.2964.read.1.tlog
C:\Users\Dennis Gaming\Desktop\zaftserver\vcproj-10\char-server_sql\Debug\CL.2964.write.1.tlog
C:\Users\Dennis Gaming\Desktop\zaftserver\vcproj-10\char-server_sql\Debug\CL.4048.read.1.tlog
C:\Users\Dennis Gaming\Desktop\zaftserver\vcproj-10\char-server_sql\Debug\CL.4048.write.1.tlog
C:\Users\Dennis Gaming\Desktop\zaftserver\vcproj-10\char-server_sql\Debug\CL.5212.read.1.tlog
C:\Users\Dennis Gaming\Desktop\zaftserver\vcproj-10\char-server_sql\Debug\CL.5212.write.1.tlog
C:\Users\Dennis Gaming\Desktop\zaftserver\vcproj-10\char-server_sql\Debug\CL.6180.read.1.tlog
C:\Users\Dennis Gaming\Desktop\zaftserver\vcproj-10\char-server_sql\Debug\CL.6180.write.1.tlog
C:\Users\Dennis Gaming\Desktop\zaftserver\vcproj-10\char-server_sql\Debug\CL.6404.read.1.tlog
C:\Users\Dennis Gaming\Desktop\zaftserver\vcproj-10\char-server_sql\Debug\CL.6404.write.1.tlog
C:\Users\Dennis Gaming\Desktop\zaftserver\vcproj-10\char-server_sql\Debug\CL.6412.read.1.tlog
C:\Users\Dennis Gaming\Desktop\zaftserver\vcproj-10\char-server_sql\Debug\CL.6412.write.1.tlog
C:\Users\Dennis Gaming\Desktop\zaftserver\vcproj-10\char-server_sql\Debug\CL.7568.read.1.tlog
C:\Users\Dennis Gaming\Desktop\zaftserver\vcproj-10\char-server_sql\Debug\CL.7568.write.1.tlog
C:\Users\Dennis Gaming\Desktop\zaftserver\vcproj-10\char-server_sql\Debug\CL.9500.read.1.tlog
C:\Users\Dennis Gaming\Desktop\zaftserver\vcproj-10\char-server_sql\Debug\CL.9500.write.1.tlog
C:\Users\Dennis Gaming\Desktop\zaftserver\vcproj-10\char-server_sql\Debug\CL.9768.read.1.tlog
C:\Users\Dennis Gaming\Desktop\zaftserver\vcproj-10\char-server_sql\Debug\CL.9768.write.1.tlog
C:\Users\Dennis Gaming\Desktop\zaftserver\vcproj-10\char-server_sql\Debug\cl.command.1.tlog
C:\Users\Dennis Gaming\Desktop\zaftserver\vcproj-10\char-server_sql\Debug\CL.read.1.tlog
C:\Users\Dennis Gaming\Desktop\zaftserver\vcproj-10\char-server_sql\Debug\cl.write.1.tlog
C:\Users\Dennis Gaming\Desktop\zaftserver\vcproj-10\char-server_sql\Debug\int_achievement.obj
C:\Users\Dennis Gaming\Desktop\zaftserver\vcproj-10\char-server_sql\Debug\int_auction.obj
C:\Users\Dennis Gaming\Desktop\zaftserver\vcproj-10\char-server_sql\Debug\int_guild.obj
C:\Users\Dennis Gaming\Desktop\zaftserver\vcproj-10\char-server_sql\Debug\int_homun.obj
C:\Users\Dennis Gaming\Desktop\zaftserver\vcproj-10\char-server_sql\Debug\int_mail.obj
C:\Users\Dennis Gaming\Desktop\zaftserver\vcproj-10\char-server_sql\Debug\int_mercenary.obj
C:\Users\Dennis Gaming\Desktop\zaftserver\vcproj-10\char-server_sql\Debug\int_party.obj
C:\Users\Dennis Gaming\Desktop\zaftserver\vcproj-10\char-server_sql\Debug\int_pet.obj
C:\Users\Dennis Gaming\Desktop\zaftserver\vcproj-10\char-server_sql\Debug\int_quest.obj
C:\Users\Dennis Gaming\Desktop\zaftserver\vcproj-10\char-server_sql\Debug\int_storage.obj
C:\Users\Dennis Gaming\Desktop\zaftserver\vcproj-10\char-server_sql\Debug\inter.obj
C:\Users\Dennis Gaming\Desktop\zaftserver\vcproj-10\char-server_sql\Debug\link.10176.read.1.tlog
C:\Users\Dennis Gaming\Desktop\zaftserver\vcproj-10\char-server_sql\Debug\link.10176.write.1.tlog
C:\Users\Dennis Gaming\Desktop\zaftserver\vcproj-10\char-server_sql\Debug\link.10176-cvtres.read.1.tlog
C:\Users\Dennis Gaming\Desktop\zaftserver\vcproj-10\char-server_sql\Debug\link.10176-cvtres.write.1.tlog
C:\Users\Dennis Gaming\Desktop\zaftserver\vcproj-10\char-server_sql\Debug\link.12080.read.1.tlog
C:\Users\Dennis Gaming\Desktop\zaftserver\vcproj-10\char-server_sql\Debug\link.12080.write.1.tlog
C:\Users\Dennis Gaming\Desktop\zaftserver\vcproj-10\char-server_sql\Debug\link.12080-cvtres.read.1.tlog
C:\Users\Dennis Gaming\Desktop\zaftserver\vcproj-10\char-server_sql\Debug\link.12080-cvtres.write.1.tlog
C:\Users\Dennis Gaming\Desktop\zaftserver\vcproj-10\char-server_sql\Debug\link.9832.read.1.tlog
C:\Users\Dennis Gaming\Desktop\zaftserver\vcproj-10\char-server_sql\Debug\link.9832.write.1.tlog
C:\Users\Dennis Gaming\Desktop\zaftserver\vcproj-10\char-server_sql\Debug\link.9832-cvtres.read.1.tlog
C:\Users\Dennis Gaming\Desktop\zaftserver\vcproj-10\char-server_sql\Debug\link.9832-cvtres.write.1.tlog
C:\Users\Dennis Gaming\Desktop\zaftserver\vcproj-10\char-server_sql\Debug\link.command.1.tlog
C:\Users\Dennis Gaming\Desktop\zaftserver\vcproj-10\char-server_sql\Debug\link.read.1.tlog
C:\Users\Dennis Gaming\Desktop\zaftserver\vcproj-10\char-server_sql\Debug\link.write.1.tlog
C:\Users\Dennis Gaming\Desktop\zaftserver\vcproj-10\char-server_sql\Debug\link-cvtres.read.1.tlog
C:\Users\Dennis Gaming\Desktop\zaftserver\vcproj-10\char-server_sql\Debug\link-cvtres.write.1.tlog
C:\Users\Dennis Gaming\Desktop\zaftserver\vcproj-10\char-server_sql\Debug\mt.command.1.tlog
C:\Users\Dennis Gaming\Desktop\zaftserver\vcproj-10\char-server_sql\Debug\mt.read.1.tlog
C:\Users\Dennis Gaming\Desktop\zaftserver\vcproj-10\char-server_sql\Debug\mt.write.1.tlog
C:\Users\Dennis Gaming\Desktop\zaftserver\vcproj-10\char-server_sql\Debug\rc.command.1.tlog
C:\Users\Dennis Gaming\Desktop\zaftserver\vcproj-10\char-server_sql\Debug\rc.read.1.tlog
C:\Users\Dennis Gaming\Desktop\zaftserver\vcproj-10\char-server_sql\Debug\rc.write.1.tlog
C:\Users\Dennis Gaming\Desktop\zaftserver\vcproj-10\char-server_sql\Debug\vc100.idb
C:\USERS\DENNIS GAMING\DESKTOP\ZAFTSERVER\VCPROJ-10\CHAR-SERVER_SQL\DEBUG\VC100.PDB
