  mt19937ar.c
  core.c
  db.c
  des.c
  ers.c
C:\Program Files (x86)\Windows Kits\10\Include\10.0.22621.0\ucrt\stdio.h(1912,1): warning C4005: 'snprintf': macro redefinition
  (compiling source file '../src/common/core.c')
  C:\Users\Dennis Gaming\Desktop\eAmod Nov 23, 2023 working\eAmod 2011-12-28\src\common\cbasetypes.h(211,1):
  see previous definition of 'snprintf'
  
C:\Program Files (x86)\Windows Kits\10\Include\10.0.22621.0\ucrt\stdio.h(1914,1): error C1189: #error:  Macro definition of snprintf conflicts with Standard Library function declaration
  (compiling source file '../src/common/core.c')
  
  grfio.c
  lock.c
  malloc.c
  mapindex.c
C:\Program Files (x86)\Windows Kits\10\Include\10.0.22621.0\ucrt\stdio.h(1912,1): warning C4005: 'snprintf': macro redefinition
  (compiling source file '../src/common/lock.c')
  C:\Users\Dennis Gaming\Desktop\eAmod Nov 23, 2023 working\eAmod 2011-12-28\src\common\cbasetypes.h(211,1):
  see previous definition of 'snprintf'
  
C:\Program Files (x86)\Windows Kits\10\Include\10.0.22621.0\ucrt\stdio.h(1914,1): error C1189: #error:  Macro definition of snprintf conflicts with Standard Library function declaration
  (compiling source file '../src/common/lock.c')
  
C:\Program Files (x86)\Windows Kits\10\Include\10.0.22621.0\ucrt\stdio.h(1912,1): warning C4005: 'snprintf': macro redefinition
  (compiling source file '../src/common/grfio.c')
  C:\Users\Dennis Gaming\Desktop\eAmod Nov 23, 2023 working\eAmod 2011-12-28\src\common\cbasetypes.h(211,1):
  see previous definition of 'snprintf'
  
C:\Program Files (x86)\Windows Kits\10\Include\10.0.22621.0\ucrt\stdio.h(1914,1): error C1189: #error:  Macro definition of snprintf conflicts with Standard Library function declaration
  (compiling source file '../src/common/grfio.c')
  
C:\Program Files (x86)\Windows Kits\10\Include\10.0.22621.0\ucrt\stdio.h(1912,1): warning C4005: 'snprintf': macro redefinition
  (compiling source file '../src/common/malloc.c')
  C:\Users\Dennis Gaming\Desktop\eAmod Nov 23, 2023 working\eAmod 2011-12-28\src\common\cbasetypes.h(211,1):
  see previous definition of 'snprintf'
  
C:\Program Files (x86)\Windows Kits\10\Include\10.0.22621.0\ucrt\stdio.h(1914,1): error C1189: #error:  Macro definition of snprintf conflicts with Standard Library function declaration
  (compiling source file '../src/common/malloc.c')
  
  md5calc.c
  nullpo.c
  plugins.c
C:\Program Files (x86)\Windows Kits\10\Include\10.0.22621.0\ucrt\stdio.h(1912,1): warning C4005: 'snprintf': macro redefinition
  (compiling source file '../src/common/mapindex.c')
  C:\Users\Dennis Gaming\Desktop\eAmod Nov 23, 2023 working\eAmod 2011-12-28\src\common\cbasetypes.h(211,1):
  see previous definition of 'snprintf'
  
C:\Program Files (x86)\Windows Kits\10\Include\10.0.22621.0\ucrt\stdio.h(1914,1): error C1189: #error:  Macro definition of snprintf conflicts with Standard Library function declaration
  (compiling source file '../src/common/mapindex.c')
  
  random.c
C:\Program Files (x86)\Windows Kits\10\Include\10.0.22621.0\ucrt\stdio.h(1912,1): warning C4005: 'snprintf': macro redefinition
  (compiling source file '../src/common/nullpo.c')
  C:\Users\Dennis Gaming\Desktop\eAmod Nov 23, 2023 working\eAmod 2011-12-28\src\common\cbasetypes.h(211,1):
  see previous definition of 'snprintf'
  
C:\Program Files (x86)\Windows Kits\10\Include\10.0.22621.0\ucrt\stdio.h(1914,1): error C1189: #error:  Macro definition of snprintf conflicts with Standard Library function declaration
  (compiling source file '../src/common/nullpo.c')
  
C:\Program Files (x86)\Windows Kits\10\Include\10.0.22621.0\ucrt\stdio.h(1912,1): warning C4005: 'snprintf': macro redefinition
  (compiling source file '../src/common/plugins.c')
  C:\Users\Dennis Gaming\Desktop\eAmod Nov 23, 2023 working\eAmod 2011-12-28\src\common\cbasetypes.h(211,1):
  see previous definition of 'snprintf'
  
C:\Program Files (x86)\Windows Kits\10\Include\10.0.22621.0\ucrt\stdio.h(1914,1): error C1189: #error:  Macro definition of snprintf conflicts with Standard Library function declaration
  (compiling source file '../src/common/plugins.c')
  
  showmsg.c
  socket.c
  strlib.c
C:\Program Files (x86)\Windows Kits\10\Include\10.0.22621.0\ucrt\stdio.h(1912,1): warning C4005: 'snprintf': macro redefinition
  (compiling source file '../src/common/strlib.c')
  C:\Users\Dennis Gaming\Desktop\eAmod Nov 23, 2023 working\eAmod 2011-12-28\src\common\cbasetypes.h(211,1):
  see previous definition of 'snprintf'
  
C:\Program Files (x86)\Windows Kits\10\Include\10.0.22621.0\ucrt\stdio.h(1914,1): error C1189: #error:  Macro definition of snprintf conflicts with Standard Library function declaration
  (compiling source file '../src/common/strlib.c')
  
  timer.c
C:\Program Files (x86)\Windows Kits\10\Include\10.0.22621.0\ucrt\stdio.h(1912,1): warning C4005: 'snprintf': macro redefinition
  (compiling source file '../src/common/showmsg.c')
  C:\Users\Dennis Gaming\Desktop\eAmod Nov 23, 2023 working\eAmod 2011-12-28\src\common\cbasetypes.h(211,1):
  see previous definition of 'snprintf'
  
C:\Program Files (x86)\Windows Kits\10\Include\10.0.22621.0\ucrt\stdio.h(1914,1): error C1189: #error:  Macro definition of snprintf conflicts with Standard Library function declaration
  (compiling source file '../src/common/showmsg.c')
  
  utils.c
C:\Program Files (x86)\Windows Kits\10\Include\10.0.22621.0\ucrt\stdio.h(1912,1): warning C4005: 'snprintf': macro redefinition
  (compiling source file '../src/common/timer.c')
  C:\Users\Dennis Gaming\Desktop\eAmod Nov 23, 2023 working\eAmod 2011-12-28\src\common\cbasetypes.h(211,1):
  see previous definition of 'snprintf'
  
C:\Program Files (x86)\Windows Kits\10\Include\10.0.22621.0\ucrt\stdio.h(1914,1): error C1189: #error:  Macro definition of snprintf conflicts with Standard Library function declaration
  (compiling source file '../src/common/timer.c')
  
C:\Program Files (x86)\Windows Kits\10\Include\10.0.22621.0\ucrt\stdio.h(1912,1): warning C4005: 'snprintf': macro redefinition
  (compiling source file '../src/common/socket.c')
  C:\Users\Dennis Gaming\Desktop\eAmod Nov 23, 2023 working\eAmod 2011-12-28\src\common\cbasetypes.h(211,1):
  see previous definition of 'snprintf'
  
C:\Program Files (x86)\Windows Kits\10\Include\10.0.22621.0\ucrt\stdio.h(1914,1): error C1189: #error:  Macro definition of snprintf conflicts with Standard Library function declaration
  (compiling source file '../src/common/socket.c')
  
C:\Program Files (x86)\Windows Kits\10\Include\10.0.22621.0\ucrt\stdio.h(1912,1): warning C4005: 'snprintf': macro redefinition
  (compiling source file '../src/common/utils.c')
  C:\Users\Dennis Gaming\Desktop\eAmod Nov 23, 2023 working\eAmod 2011-12-28\src\common\cbasetypes.h(211,1):
  see previous definition of 'snprintf'
  
C:\Program Files (x86)\Windows Kits\10\Include\10.0.22621.0\ucrt\stdio.h(1914,1): error C1189: #error:  Macro definition of snprintf conflicts with Standard Library function declaration
  (compiling source file '../src/common/utils.c')
  
