c:\users\dennis gaming\desktop\eamod nov 11, 2023 working\eamod 2011-12-28\vcproj-12\common\debug\des.obj
c:\users\dennis gaming\desktop\eamod nov 11, 2023 working\eamod 2011-12-28\vcproj-12\common\debug\grfio.obj
c:\users\dennis gaming\desktop\eamod nov 11, 2023 working\eamod 2011-12-28\vcproj-12\common\debug\mapindex.obj
c:\users\dennis gaming\desktop\eamod nov 11, 2023 working\eamod 2011-12-28\vcproj-12\common\debug\nullpo.obj
c:\users\dennis gaming\desktop\eamod nov 11, 2023 working\eamod 2011-12-28\vcproj-12\common\debug\socket.obj
c:\users\dennis gaming\desktop\eamod nov 11, 2023 working\eamod 2011-12-28\vcproj-12\common\debug\db.obj
c:\users\dennis gaming\desktop\eamod nov 11, 2023 working\eamod 2011-12-28\vcproj-12\common\debug\lock.obj
c:\users\dennis gaming\desktop\eamod nov 11, 2023 working\eamod 2011-12-28\vcproj-12\common\debug\md5calc.obj
c:\users\dennis gaming\desktop\eamod nov 11, 2023 working\eamod 2011-12-28\vcproj-12\common\debug\plugins.obj
c:\users\dennis gaming\desktop\eamod nov 11, 2023 working\eamod 2011-12-28\vcproj-12\common\debug\timer.obj
c:\users\dennis gaming\desktop\eamod nov 11, 2023 working\eamod 2011-12-28\vcproj-12\common\debug\core.obj
c:\users\dennis gaming\desktop\eamod nov 11, 2023 working\eamod 2011-12-28\vcproj-12\common\debug\showmsg.obj
c:\users\dennis gaming\desktop\eamod nov 11, 2023 working\eamod 2011-12-28\vcproj-12\common\debug\utils.obj
c:\users\dennis gaming\desktop\eamod nov 11, 2023 working\eamod 2011-12-28\vcproj-12\common\debug\mt19937ar.obj
c:\users\dennis gaming\desktop\eamod nov 11, 2023 working\eamod 2011-12-28\vcproj-12\common\debug\ers.obj
c:\users\dennis gaming\desktop\eamod nov 11, 2023 working\eamod 2011-12-28\vcproj-12\common\debug\malloc.obj
c:\users\dennis gaming\desktop\eamod nov 11, 2023 working\eamod 2011-12-28\vcproj-12\common\debug\random.obj
c:\users\dennis gaming\desktop\eamod nov 11, 2023 working\eamod 2011-12-28\vcproj-12\common\debug\strlib.obj
c:\users\dennis gaming\desktop\eamod nov 11, 2023 working\eamod 2011-12-28\vcproj-12\common\debug\vc120.pdb
c:\users\dennis gaming\desktop\eamod nov 11, 2023 working\eamod 2011-12-28\vcproj-12\common\debug\common.lib
c:\users\dennis gaming\desktop\eamod nov 11, 2023 working\eamod 2011-12-28\vcproj-12\common\debug\common.tlog\cl.command.1.tlog
c:\users\dennis gaming\desktop\eamod nov 11, 2023 working\eamod 2011-12-28\vcproj-12\common\debug\common.tlog\cl.read.1.tlog
c:\users\dennis gaming\desktop\eamod nov 11, 2023 working\eamod 2011-12-28\vcproj-12\common\debug\common.tlog\cl.write.1.tlog
c:\users\dennis gaming\desktop\eamod nov 11, 2023 working\eamod 2011-12-28\vcproj-12\common\debug\common.tlog\lib-link.read.1.tlog
c:\users\dennis gaming\desktop\eamod nov 11, 2023 working\eamod 2011-12-28\vcproj-12\common\debug\common.tlog\lib-link.write.1.tlog
c:\users\dennis gaming\desktop\eamod nov 11, 2023 working\eamod 2011-12-28\vcproj-12\common\debug\common.tlog\lib.command.1.tlog
